#
# There is insufficient memory for the Java Runtime Environment to continue.
# Native memory allocation (malloc) failed to allocate 1048576 bytes. Error detail: AllocateHeap
# Possible reasons:
#   The system is out of physical RAM or swap space
#   This process is running with CompressedOops enabled, and the Java Heap may be blocking the growth of the native heap
# Possible solutions:
#   Reduce memory load on the system
#   Increase physical memory or swap space
#   Check if swap backing store is full
#   Decrease Java heap size (-Xmx/-Xms)
#   Decrease number of Java threads
#   Decrease Java thread stack sizes (-Xss)
#   Set larger code cache with -XX:ReservedCodeCacheSize=
#   JVM is running with Unscaled Compressed Oops mode in which the Java heap is
#     placed in the first 4GB address space. The Java Heap base address is the
#     maximum limit for the native heap growth. Please use -XX:HeapBaseMinAddress
#     to set the Java Heap base and to place the Java Heap above 4GB virtual address.
# This output file may be truncated or incomplete.
#
#  Out of Memory Error (allocation.cpp:44), pid=10412, tid=23744
#
# JRE version: OpenJDK Runtime Environment Temurin-21.0.10+7 (21.0.10+7) (build 21.0.10+7-LTS)
# Java VM: OpenJDK 64-Bit Server VM Temurin-21.0.10+7 (21.0.10+7-LTS, mixed mode, sharing, tiered, compressed oops, compressed class ptrs, parallel gc, windows-amd64)
# No core dump will be written. Minidumps are not enabled by default on client versions of Windows
#

---------------  S U M M A R Y ------------

Command Line: --add-modules=ALL-SYSTEM --add-opens=java.base/java.util=ALL-UNNAMED --add-opens=java.base/java.lang=ALL-UNNAMED --add-opens=java.base/sun.nio.fs=ALL-UNNAMED -Declipse.application=org.eclipse.jdt.ls.core.id1 -Dosgi.bundles.defaultStartLevel=4 -Declipse.product=org.eclipse.jdt.ls.core.product -Djava.import.generatesMetadataFilesAtProjectRoot=false -DDetectVMInstallationsJob.disabled=true -Dfile.encoding=utf8 -XX:+UseParallelGC -XX:GCTimeRatio=4 -XX:AdaptiveSizePolicyWeight=90 -Dsun.zip.disableMemoryMapping=true -Xmx2G -Xms100m -Xlog:disable -javaagent:c:\Users\HP\.cursor\extensions\redhat.java-1.54.0-win32-x64\lombok\lombok-1.18.39-4050.jar -XX:+HeapDumpOnOutOfMemoryError -XX:HeapDumpPath=c:\Users\HP\AppData\Roaming\Cursor\User\workspaceStorage\96979aa1dac3c4fa74adfd185f155ff4\redhat.java -Daether.dependencyCollector.impl=bf c:\Users\HP\.cursor\extensions\redhat.java-1.54.0-win32-x64\server\plugins\org.eclipse.equinox.launcher_1.7.100.v20251111-0406.jar -configuration c:\Users\HP\AppData\Roaming\Cursor\User\globalStorage\redhat.java\1.54.0\config_win -data c:\Users\HP\AppData\Roaming\Cursor\User\workspaceStorage\96979aa1dac3c4fa74adfd185f155ff4\redhat.java\jdt_ws --pipe=\\.\pipe\lsp-f6577098dfb114c783a48e59aadd54fc-sock

Host: AMD Ryzen 5 5600H with Radeon Graphics         , 12 cores, 7G,  Windows 11 , 64 bit Build 26100 (10.0.26100.8328)
Time: Mon Jun  1 22:58:51 2026 India Standard Time elapsed time: 19728.408879 seconds (0d 5h 28m 48s)

---------------  T H R E A D  ---------------

Current thread (0x0000023eb591aff0):  JavaThread "Attach Listener" daemon [_thread_in_vm, id=23744, stack(0x000000765db00000,0x000000765dc00000) (1024K)]

Stack: [0x000000765db00000,0x000000765dc00000]
Native frames: (J=compiled Java code, j=interpreted, Vv=VM code, C=native code)
V  [jvm.dll+0x6d7a39]
V  [jvm.dll+0x8b4b26]
V  [jvm.dll+0x8b70de]
V  [jvm.dll+0x8b77c3]
V  [jvm.dll+0x284346]
V  [jvm.dll+0xc1277]
V  [jvm.dll+0x6d82e9]
V  [jvm.dll+0x1334a6]
V  [jvm.dll+0x3f857e]
V  [jvm.dll+0x85f59d]
V  [jvm.dll+0x6d626d]
C  [ucrtbase.dll+0x37b0]
C  [KERNEL32.DLL+0x2e957]
C  [ntdll.dll+0x427c]


---------------  P R O C E S S  ---------------

Threads class SMR info:
_java_thread_list=0x0000023e8b09c9f0, length=48, elements={
0x0000023e9ca48830, 0x0000023eb590dd60, 0x0000023eb590fbe0, 0x0000023eb5915bf0,
0x0000023eb591aff0, 0x0000023eb591c950, 0x0000023eb591e2b0, 0x0000023ef7af1020,
0x0000023ef7afcde0, 0x0000023ef7cd7e30, 0x0000023ef7e2faa0, 0x0000023efdfa3a70,
0x0000023efdf983f0, 0x0000023efe21c0a0, 0x0000023efdaa0660, 0x0000023efe08e870,
0x0000023ef7b89920, 0x0000023efe2e36b0, 0x0000023efd9d23d0, 0x0000023efd9d1020,
0x0000023efedf04e0, 0x0000023efededd80, 0x0000023efedf0b70, 0x0000023efedef130,
0x0000023efedf1890, 0x0000023efedf1f20, 0x0000023efedf25b0, 0x0000023efedf2c40,
0x0000023efedf32d0, 0x0000023efedefe50, 0x0000023efedf3960, 0x0000023efedf3ff0,
0x0000023efedf4d10, 0x0000023efedf4680, 0x0000023efedf53a0, 0x0000023effa92e70,
0x0000023effa93b90, 0x0000023effa962f0, 0x0000023effa96980, 0x0000023effa97010,
0x0000023effa94220, 0x0000023eff8da6f0, 0x0000023eff8d8cb0, 0x0000023eff8d9340,
0x0000023efd9d2a60, 0x0000023eff8de890, 0x0000023eff8dce50, 0x0000023eff8dc7c0
}

Java Threads: ( => current thread )
  0x0000023e9ca48830 JavaThread "main"                              [_thread_blocked, id=7948, stack(0x000000765d300000,0x000000765d400000) (1024K)]
  0x0000023eb590dd60 JavaThread "Reference Handler"          daemon [_thread_blocked, id=12944, stack(0x000000765d800000,0x000000765d900000) (1024K)]
  0x0000023eb590fbe0 JavaThread "Finalizer"                  daemon [_thread_blocked, id=2332, stack(0x000000765d900000,0x000000765da00000) (1024K)]
  0x0000023eb5915bf0 JavaThread "Signal Dispatcher"          daemon [_thread_blocked, id=4032, stack(0x000000765da00000,0x000000765db00000) (1024K)]
=>0x0000023eb591aff0 JavaThread "Attach Listener"            daemon [_thread_in_vm, id=23744, stack(0x000000765db00000,0x000000765dc00000) (1024K)]
  0x0000023eb591c950 JavaThread "Service Thread"             daemon [_thread_blocked, id=25228, stack(0x000000765dc00000,0x000000765dd00000) (1024K)]
  0x0000023eb591e2b0 JavaThread "Monitor Deflation Thread"   daemon [_thread_blocked, id=26640, stack(0x000000765dd00000,0x000000765de00000) (1024K)]
  0x0000023ef7af1020 JavaThread "C2 CompilerThread0"         daemon [_thread_blocked, id=9740, stack(0x000000765de00000,0x000000765df00000) (1024K)]
  0x0000023ef7afcde0 JavaThread "C1 CompilerThread0"         daemon [_thread_blocked, id=24512, stack(0x000000765df00000,0x000000765e000000) (1024K)]
  0x0000023ef7cd7e30 JavaThread "Common-Cleaner"             daemon [_thread_blocked, id=19728, stack(0x000000765e000000,0x000000765e100000) (1024K)]
  0x0000023ef7e2faa0 JavaThread "Notification Thread"        daemon [_thread_blocked, id=21768, stack(0x000000765e200000,0x000000765e300000) (1024K)]
  0x0000023efdfa3a70 JavaThread "Active Thread: Equinox Container: 6247c6bb-ec64-465b-956f-d34361ab3ee0"        [_thread_blocked, id=26404, stack(0x000000765ea00000,0x000000765eb00000) (1024K)]
  0x0000023efdf983f0 JavaThread "Refresh Thread: Equinox Container: 6247c6bb-ec64-465b-956f-d34361ab3ee0" daemon [_thread_blocked, id=17412, stack(0x000000765e300000,0x000000765e400000) (1024K)]
  0x0000023efe21c0a0 JavaThread "Framework Event Dispatcher: Equinox Container: 6247c6bb-ec64-465b-956f-d34361ab3ee0" daemon [_thread_blocked, id=22388, stack(0x000000765eb00000,0x000000765ec00000) (1024K)]
  0x0000023efdaa0660 JavaThread "Start Level: Equinox Container: 6247c6bb-ec64-465b-956f-d34361ab3ee0" daemon [_thread_blocked, id=21440, stack(0x000000765ec00000,0x000000765ed00000) (1024K)]
  0x0000023efe08e870 JavaThread "Bundle File Closer"         daemon [_thread_blocked, id=27828, stack(0x000000765f000000,0x000000765f100000) (1024K)]
  0x0000023ef7b89920 JavaThread "SCR Component Actor"        daemon [_thread_blocked, id=28460, stack(0x000000765ed00000,0x000000765ee00000) (1024K)]
  0x0000023efe2e36b0 JavaThread "Worker-JM"                         [_thread_blocked, id=28484, stack(0x000000765f300000,0x000000765f400000) (1024K)]
  0x0000023efd9d23d0 JavaThread "JNA Cleaner"                daemon [_thread_blocked, id=28508, stack(0x000000765f100000,0x000000765f200000) (1024K)]
  0x0000023efd9d1020 JavaThread "Java indexing"              daemon [_thread_blocked, id=28616, stack(0x000000765f900000,0x000000765fa00000) (1024K)]
  0x0000023efedf04e0 JavaThread "Thread-1"                   daemon [_thread_in_native, id=28652, stack(0x0000007660000000,0x0000007660100000) (1024K)]
  0x0000023efededd80 JavaThread "Thread-2"                   daemon [_thread_in_native, id=28656, stack(0x0000007660100000,0x0000007660200000) (1024K)]
  0x0000023efedf0b70 JavaThread "Thread-3"                   daemon [_thread_in_native, id=28660, stack(0x0000007660200000,0x0000007660300000) (1024K)]
  0x0000023efedef130 JavaThread "Thread-4"                   daemon [_thread_in_native, id=28664, stack(0x0000007660300000,0x0000007660400000) (1024K)]
  0x0000023efedf1890 JavaThread "Thread-5"                   daemon [_thread_in_native, id=28668, stack(0x0000007660400000,0x0000007660500000) (1024K)]
  0x0000023efedf1f20 JavaThread "Thread-6"                   daemon [_thread_in_native, id=2540, stack(0x0000007660500000,0x0000007660600000) (1024K)]
  0x0000023efedf25b0 JavaThread "Thread-7"                   daemon [_thread_in_native, id=27656, stack(0x0000007660600000,0x0000007660700000) (1024K)]
  0x0000023efedf2c40 JavaThread "Thread-8"                   daemon [_thread_in_native, id=11508, stack(0x0000007660700000,0x0000007660800000) (1024K)]
  0x0000023efedf32d0 JavaThread "Thread-9"                   daemon [_thread_in_native, id=27232, stack(0x0000007660800000,0x0000007660900000) (1024K)]
  0x0000023efedefe50 JavaThread "Thread-10"                  daemon [_thread_in_native, id=25260, stack(0x0000007660900000,0x0000007660a00000) (1024K)]
  0x0000023efedf3960 JavaThread "Thread-11"                  daemon [_thread_in_native, id=27076, stack(0x0000007660a00000,0x0000007660b00000) (1024K)]
  0x0000023efedf3ff0 JavaThread "Thread-12"                  daemon [_thread_in_native, id=26672, stack(0x0000007660b00000,0x0000007660c00000) (1024K)]
  0x0000023efedf4d10 JavaThread "Thread-13"                  daemon [_thread_in_native, id=24652, stack(0x0000007660c00000,0x0000007660d00000) (1024K)]
  0x0000023efedf4680 JavaThread "pool-2-thread-1"                   [_thread_blocked, id=23872, stack(0x0000007660d00000,0x0000007660e00000) (1024K)]
  0x0000023efedf53a0 JavaThread "WorkspaceEventsHandler"            [_thread_blocked, id=20916, stack(0x0000007660e00000,0x0000007660f00000) (1024K)]
  0x0000023effa92e70 JavaThread "pool-1-thread-1"                   [_thread_blocked, id=2940, stack(0x0000007660f00000,0x0000007661000000) (1024K)]
  0x0000023effa93b90 JavaThread "Timer-0"                           [_thread_blocked, id=28032, stack(0x0000007661300000,0x0000007661400000) (1024K)]
  0x0000023effa962f0 JavaThread "Timer-1"                           [_thread_blocked, id=1476, stack(0x000000765f700000,0x000000765f800000) (1024K)]
  0x0000023effa96980 JavaThread "Timer-2"                           [_thread_blocked, id=28408, stack(0x0000007661400000,0x0000007661500000) (1024K)]
  0x0000023effa97010 JavaThread "Timer-3"                           [_thread_blocked, id=28028, stack(0x0000007661500000,0x0000007661600000) (1024K)]
  0x0000023effa94220 JavaThread "Timer-4"                           [_thread_blocked, id=28024, stack(0x0000007661600000,0x0000007661700000) (1024K)]
  0x0000023eff8da6f0 JavaThread "Timer-5"                           [_thread_blocked, id=17648, stack(0x000000765f200000,0x000000765f300000) (1024K)]
  0x0000023eff8d8cb0 JavaThread "Timer-6"                           [_thread_blocked, id=26984, stack(0x000000765f800000,0x000000765f900000) (1024K)]
  0x0000023eff8d9340 JavaThread "Timer-7"                           [_thread_blocked, id=27796, stack(0x000000765fa00000,0x000000765fb00000) (1024K)]
  0x0000023efd9d2a60 JavaThread "Timer-8"                           [_thread_blocked, id=34128, stack(0x000000765f600000,0x000000765f700000) (1024K)]
  0x0000023eff8de890 JavaThread "Worker-16"                         [_thread_blocked, id=34756, stack(0x000000765fb00000,0x000000765fc00000) (1024K)]
  0x0000023eff8dce50 JavaThread "Worker-18"                         [_thread_blocked, id=36544, stack(0x000000765f400000,0x000000765f500000) (1024K)]
  0x0000023eff8dc7c0 JavaThread "Worker-19"                         [_thread_blocked, id=36472, stack(0x000000765f500000,0x000000765f600000) (1024K)]
Total: 48

Other Threads:
  0x0000023eb59042e0 VMThread "VM Thread"                           [id=24796, stack(0x000000765d700000,0x000000765d800000) (1024K)]
  0x0000023eb57fca00 WatcherThread "VM Periodic Task Thread"        [id=13940, stack(0x000000765d600000,0x000000765d700000) (1024K)]
  0x0000023e9eebbc40 WorkerThread "GC Thread#0"                     [id=14568, stack(0x000000765d500000,0x000000765d600000) (1024K)]
  0x0000023efda010e0 WorkerThread "GC Thread#1"                     [id=3048, stack(0x000000765e400000,0x000000765e500000) (1024K)]
  0x0000023efda01890 WorkerThread "GC Thread#2"                     [id=24656, stack(0x000000765e500000,0x000000765e600000) (1024K)]
  0x0000023efd880c30 WorkerThread "GC Thread#3"                     [id=27008, stack(0x000000765e600000,0x000000765e700000) (1024K)]
  0x0000023efd880fe0 WorkerThread "GC Thread#4"                     [id=27420, stack(0x000000765e700000,0x000000765e800000) (1024K)]
  0x0000023efd881390 WorkerThread "GC Thread#5"                     [id=8332, stack(0x000000765e800000,0x000000765e900000) (1024K)]
  0x0000023efdfdbf30 WorkerThread "GC Thread#6"                     [id=17364, stack(0x000000765e900000,0x000000765ea00000) (1024K)]
  0x0000023efdf33f90 WorkerThread "GC Thread#7"                     [id=20712, stack(0x000000765e100000,0x000000765e200000) (1024K)]
  0x0000023efe097a90 WorkerThread "GC Thread#8"                     [id=27808, stack(0x000000765ee00000,0x000000765ef00000) (1024K)]
  0x0000023efe3a7750 WorkerThread "GC Thread#9"                     [id=27812, stack(0x000000765ef00000,0x000000765f000000) (1024K)]
Total: 12

Threads with active compile tasks:
Total: 0

VM state: not at safepoint (normal execution)

VM Mutex/Monitor currently owned by a thread: None

Heap address: 0x0000000080000000, size: 2048 MB, Compressed Oops mode: 32-bit

CDS archive(s) mapped at: [0x0000023eb6000000-0x0000023eb6ba0000-0x0000023eb6ba0000), size 12189696, SharedBaseAddress: 0x0000023eb6000000, ArchiveRelocationMode: 1.
Compressed class space mapped at: 0x0000023eb7000000-0x0000023ef7000000, reserved size: 1073741824
Narrow klass base: 0x0000023eb6000000, Narrow klass shift: 0, Narrow klass range: 0x100000000

GC Precious Log:
 CardTable entry size: 512
 CPUs: 12 total, 12 available
 Memory: 7521M
 Large Page Support: Disabled
 NUMA Support: Disabled
 Compressed Oops: Enabled (32-bit)
 Alignments: Space 512K, Generation 512K, Heap 2M
 Heap Min Capacity: 100M
 Heap Initial Capacity: 100M
 Heap Max Capacity: 2G
 Pre-touch: Disabled
 Parallel Workers: 10

Heap:
 PSYoungGen      total 11776K, used 1788K [0x00000000d5580000, 0x00000000d6300000, 0x0000000100000000)
  eden space 11264K, 13% used [0x00000000d5580000,0x00000000d56f72c0,0x00000000d6080000)
  from space 512K, 56% used [0x00000000d6200000,0x00000000d6248000,0x00000000d6280000)
  to   space 512K, 0% used [0x00000000d6280000,0x00000000d6280000,0x00000000d6300000)
 ParOldGen       total 83968K, used 83897K [0x0000000080000000, 0x0000000085200000, 0x00000000d5580000)
  object space 83968K, 99% used [0x0000000080000000,0x00000000851ee728,0x0000000085200000)
 Metaspace       used 75715K, committed 77504K, reserved 1179648K
  class space    used 9251K, committed 10112K, reserved 1048576K

Card table byte_map: [0x0000023e9e840000,0x0000023e9ec50000] _byte_map_base: 0x0000023e9e440000

Marking Bits: (ParMarkBitMap*) 0x00007ffc47b13450
 Begin Bits: [0x0000023eb1320000, 0x0000023eb3320000)
 End Bits:   [0x0000023eb3320000, 0x0000023eb5320000)

Polling page: 0x0000023e9e630000

Metaspace:

Usage:
  Non-class:     64.91 MB used.
      Class:      9.03 MB used.
       Both:     73.94 MB used.

Virtual space:
  Non-class space:      128.00 MB reserved,      65.81 MB ( 51%) committed,  2 nodes.
      Class space:        1.00 GB reserved,       9.88 MB ( <1%) committed,  1 nodes.
             Both:        1.12 GB reserved,      75.69 MB (  7%) committed. 

Chunk freelists:
   Non-Class:  13.38 MB
       Class:  6.12 MB
        Both:  19.50 MB

MaxMetaspaceSize: unlimited
CompressedClassSpaceSize: 1.00 GB
Initial GC threshold: 21.00 MB
Current GC threshold: 98.12 MB
CDS: on
 - commit_granule_bytes: 65536.
 - commit_granule_words: 8192.
 - virtual_space_node_default_size: 8388608.
 - enlarge_chunks_in_place: 1.
 - use_allocation_guard: 0.


Internal statistics:

num_allocs_failed_limit: 13.
num_arena_births: 1626.
num_arena_deaths: 14.
num_vsnodes_births: 3.
num_vsnodes_deaths: 0.
num_space_committed: 1211.
num_space_uncommitted: 0.
num_chunks_returned_to_freelist: 27.
num_chunks_taken_from_freelist: 5328.
num_chunk_merges: 16.
num_chunk_splits: 3246.
num_chunks_enlarged: 1835.
num_inconsistent_stats: 0.

CodeHeap 'non-profiled nmethods': size=120000Kb used=11128Kb max_used=11128Kb free=108871Kb
 bounds [0x0000023ea9b40000, 0x0000023eaa620000, 0x0000023eb1070000]
CodeHeap 'profiled nmethods': size=120000Kb used=25420Kb max_used=25420Kb free=94579Kb
 bounds [0x0000023ea2070000, 0x0000023ea3950000, 0x0000023ea95a0000]
CodeHeap 'non-nmethods': size=5760Kb used=1414Kb max_used=1474Kb free=4345Kb
 bounds [0x0000023ea95a0000, 0x0000023ea9810000, 0x0000023ea9b40000]
CodeCache: size=245760Kb, used=37962Kb, max_used=38022Kb, free=207795Kb
 total_blobs=13059, nmethods=12335, adapters=630, full_count=0
Compilation: enabled, stopped_count=0, restarted_count=0

Compilation events (20 events):
Event: 19675.609 Thread 0x0000023ef7afcde0 13296       3       org.eclipse.core.internal.events.BuildManager::hookStartBuild (42 bytes)
Event: 19675.617 Thread 0x0000023ef7af1020 13300       4       org.eclipse.core.runtime.preferences.AbstractScope::getNode (37 bytes)
Event: 19675.658 Thread 0x0000023ef7afcde0 nmethod 13296 0x0000023ea393c910 code [0x0000023ea393cb60, 0x0000023ea393d280]
Event: 19675.658 Thread 0x0000023ef7afcde0 13297       3       org.eclipse.core.internal.events.BuildManager::getSafeRunnable (16 bytes)
Event: 19675.665 Thread 0x0000023ef7afcde0 nmethod 13297 0x0000023ea393d610 code [0x0000023ea393d7c0, 0x0000023ea393d998]
Event: 19675.665 Thread 0x0000023ef7afcde0 13298       3       org.eclipse.core.internal.events.BuildManager$2::<init> (38 bytes)
Event: 19675.666 Thread 0x0000023ef7afcde0 nmethod 13298 0x0000023ea393da90 code [0x0000023ea393dc40, 0x0000023ea393de18]
Event: 19675.666 Thread 0x0000023ef7afcde0 13299       3       org.eclipse.core.internal.events.BuildManager$2::run (102 bytes)
Event: 19675.678 Thread 0x0000023ef7afcde0 nmethod 13299 0x0000023ea393df10 code [0x0000023ea393e140, 0x0000023ea393ea30]
Event: 19675.685 Thread 0x0000023ef7af1020 nmethod 13300 0x0000023eaa61c790 code [0x0000023eaa61c980, 0x0000023eaa61cc30]
Event: 19677.222 Thread 0x0000023ef7af1020 13304       4       org.eclipse.core.internal.jobs.JobManager::wakeUp (53 bytes)
Event: 19677.387 Thread 0x0000023ef7af1020 nmethod 13304 0x0000023eaa61cf10 code [0x0000023eaa61d140, 0x0000023eaa61d948]
Event: 19677.413 Thread 0x0000023ef7afcde0 13305   !   3       org.eclipse.core.internal.events.BuildManager::getDelta (145 bytes)
Event: 19677.428 Thread 0x0000023ef7afcde0 nmethod 13305 0x0000023ea393ec10 code [0x0000023ea393ef60, 0x0000023ea393fdc8]
Event: 19677.428 Thread 0x0000023ef7afcde0 13306       3       org.eclipse.core.internal.events.BuildManager::getInterestedBuilders (62 bytes)
Event: 19677.436 Thread 0x0000023ef7afcde0 nmethod 13306 0x0000023ea3940690 code [0x0000023ea39408e0, 0x0000023ea3941440]
Event: 19677.436 Thread 0x0000023ef7afcde0 13307       3       org.eclipse.core.internal.events.BuildManager::isInterestingProject (65 bytes)
Event: 19677.437 Thread 0x0000023ef7afcde0 nmethod 13307 0x0000023ea3941810 code [0x0000023ea3941a20, 0x0000023ea3942010]
Event: 19683.876 Thread 0x0000023ef7afcde0 13308   !   3       org.eclipse.osgi.container.ModuleDatabase::getTimestamp (25 bytes)
Event: 19683.905 Thread 0x0000023ef7afcde0 nmethod 13308 0x0000023ea3942310 code [0x0000023ea3942560, 0x0000023ea3942ea8]

GC Heap History (20 events):
Event: 19341.675 GC heap before
{Heap before GC invocations=203 (full 3):
 PSYoungGen      total 11776K, used 11456K [0x00000000d5580000, 0x00000000d6300000, 0x0000000100000000)
  eden space 11264K, 100% used [0x00000000d5580000,0x00000000d6080000,0x00000000d6080000)
  from space 512K, 37% used [0x00000000d6200000,0x00000000d6230000,0x00000000d6280000)
  to   space 512K, 0% used [0x00000000d6280000,0x00000000d6280000,0x00000000d6300000)
 ParOldGen       total 81920K, used 81847K [0x0000000080000000, 0x0000000085000000, 0x00000000d5580000)
  object space 81920K, 99% used [0x0000000080000000,0x0000000084fede18,0x0000000085000000)
 Metaspace       used 75461K, committed 77248K, reserved 1179648K
  class space    used 9216K, committed 10048K, reserved 1048576K
}
Event: 19341.677 GC heap after
{Heap after GC invocations=203 (full 3):
 PSYoungGen      total 11776K, used 256K [0x00000000d5580000, 0x00000000d6300000, 0x0000000100000000)
  eden space 11264K, 0% used [0x00000000d5580000,0x00000000d5580000,0x00000000d6080000)
  from space 512K, 50% used [0x00000000d6280000,0x00000000d62c0000,0x00000000d6300000)
  to   space 512K, 0% used [0x00000000d6200000,0x00000000d6200000,0x00000000d6280000)
 ParOldGen       total 81920K, used 81895K [0x0000000080000000, 0x0000000085000000, 0x00000000d5580000)
  object space 81920K, 99% used [0x0000000080000000,0x0000000084ff9e18,0x0000000085000000)
 Metaspace       used 75461K, committed 77248K, reserved 1179648K
  class space    used 9216K, committed 10048K, reserved 1048576K
}
Event: 19342.351 GC heap before
{Heap before GC invocations=204 (full 3):
 PSYoungGen      total 11776K, used 11520K [0x00000000d5580000, 0x00000000d6300000, 0x0000000100000000)
  eden space 11264K, 100% used [0x00000000d5580000,0x00000000d6080000,0x00000000d6080000)
  from space 512K, 50% used [0x00000000d6280000,0x00000000d62c0000,0x00000000d6300000)
  to   space 512K, 0% used [0x00000000d6200000,0x00000000d6200000,0x00000000d6280000)
 ParOldGen       total 81920K, used 81895K [0x0000000080000000, 0x0000000085000000, 0x00000000d5580000)
  object space 81920K, 99% used [0x0000000080000000,0x0000000084ff9e18,0x0000000085000000)
 Metaspace       used 75461K, committed 77248K, reserved 1179648K
  class space    used 9216K, committed 10048K, reserved 1048576K
}
Event: 19342.353 GC heap after
{Heap after GC invocations=204 (full 3):
 PSYoungGen      total 11776K, used 160K [0x00000000d5580000, 0x00000000d6300000, 0x0000000100000000)
  eden space 11264K, 0% used [0x00000000d5580000,0x00000000d5580000,0x00000000d6080000)
  from space 512K, 31% used [0x00000000d6200000,0x00000000d6228000,0x00000000d6280000)
  to   space 512K, 0% used [0x00000000d6280000,0x00000000d6280000,0x00000000d6300000)
 ParOldGen       total 82432K, used 81935K [0x0000000080000000, 0x0000000085080000, 0x00000000d5580000)
  object space 82432K, 99% used [0x0000000080000000,0x0000000085003e18,0x0000000085080000)
 Metaspace       used 75461K, committed 77248K, reserved 1179648K
  class space    used 9216K, committed 10048K, reserved 1048576K
}
Event: 19343.675 GC heap before
{Heap before GC invocations=205 (full 3):
 PSYoungGen      total 11776K, used 11424K [0x00000000d5580000, 0x00000000d6300000, 0x0000000100000000)
  eden space 11264K, 100% used [0x00000000d5580000,0x00000000d6080000,0x00000000d6080000)
  from space 512K, 31% used [0x00000000d6200000,0x00000000d6228000,0x00000000d6280000)
  to   space 512K, 0% used [0x00000000d6280000,0x00000000d6280000,0x00000000d6300000)
 ParOldGen       total 82432K, used 81935K [0x0000000080000000, 0x0000000085080000, 0x00000000d5580000)
  object space 82432K, 99% used [0x0000000080000000,0x0000000085003e18,0x0000000085080000)
 Metaspace       used 75461K, committed 77248K, reserved 1179648K
  class space    used 9216K, committed 10048K, reserved 1048576K
}
Event: 19343.677 GC heap after
{Heap after GC invocations=205 (full 3):
 PSYoungGen      total 11776K, used 256K [0x00000000d5580000, 0x00000000d6300000, 0x0000000100000000)
  eden space 11264K, 0% used [0x00000000d5580000,0x00000000d5580000,0x00000000d6080000)
  from space 512K, 50% used [0x00000000d6280000,0x00000000d62c0000,0x00000000d6300000)
  to   space 512K, 0% used [0x00000000d6200000,0x00000000d6200000,0x00000000d6280000)
 ParOldGen       total 82432K, used 81959K [0x0000000080000000, 0x0000000085080000, 0x00000000d5580000)
  object space 82432K, 99% used [0x0000000080000000,0x0000000085009e18,0x0000000085080000)
 Metaspace       used 75461K, committed 77248K, reserved 1179648K
  class space    used 9216K, committed 10048K, reserved 1048576K
}
Event: 19505.293 GC heap before
{Heap before GC invocations=206 (full 3):
 PSYoungGen      total 11776K, used 11003K [0x00000000d5580000, 0x00000000d6300000, 0x0000000100000000)
  eden space 11264K, 95% used [0x00000000d5580000,0x00000000d5ffede0,0x00000000d6080000)
  from space 512K, 50% used [0x00000000d6280000,0x00000000d62c0000,0x00000000d6300000)
  to   space 512K, 0% used [0x00000000d6200000,0x00000000d6200000,0x00000000d6280000)
 ParOldGen       total 82432K, used 81959K [0x0000000080000000, 0x0000000085080000, 0x00000000d5580000)
  object space 82432K, 99% used [0x0000000080000000,0x0000000085009e18,0x0000000085080000)
 Metaspace       used 75466K, committed 77248K, reserved 1179648K
  class space    used 9216K, committed 10048K, reserved 1048576K
}
Event: 19505.417 GC heap after
{Heap after GC invocations=206 (full 3):
 PSYoungGen      total 11776K, used 496K [0x00000000d5580000, 0x00000000d6480000, 0x0000000100000000)
  eden space 11264K, 0% used [0x00000000d5580000,0x00000000d5580000,0x00000000d6080000)
  from space 512K, 96% used [0x00000000d6200000,0x00000000d627c030,0x00000000d6280000)
  to   space 2048K, 0% used [0x00000000d6280000,0x00000000d6280000,0x00000000d6480000)
 ParOldGen       total 82944K, used 82839K [0x0000000080000000, 0x0000000085100000, 0x00000000d5580000)
  object space 82944K, 99% used [0x0000000080000000,0x00000000850e5ef8,0x0000000085100000)
 Metaspace       used 75466K, committed 77248K, reserved 1179648K
  class space    used 9216K, committed 10048K, reserved 1048576K
}
Event: 19564.806 GC heap before
{Heap before GC invocations=207 (full 3):
 PSYoungGen      total 11776K, used 11760K [0x00000000d5580000, 0x00000000d6480000, 0x0000000100000000)
  eden space 11264K, 100% used [0x00000000d5580000,0x00000000d6080000,0x00000000d6080000)
  from space 512K, 96% used [0x00000000d6200000,0x00000000d627c030,0x00000000d6280000)
  to   space 2048K, 0% used [0x00000000d6280000,0x00000000d6280000,0x00000000d6480000)
 ParOldGen       total 82944K, used 82839K [0x0000000080000000, 0x0000000085100000, 0x00000000d5580000)
  object space 82944K, 99% used [0x0000000080000000,0x00000000850e5ef8,0x0000000085100000)
 Metaspace       used 75694K, committed 77504K, reserved 1179648K
  class space    used 9251K, committed 10112K, reserved 1048576K
}
Event: 19564.851 GC heap after
{Heap after GC invocations=207 (full 3):
 PSYoungGen      total 12288K, used 576K [0x00000000d5580000, 0x00000000d6380000, 0x0000000100000000)
  eden space 11264K, 0% used [0x00000000d5580000,0x00000000d5580000,0x00000000d6080000)
  from space 1024K, 56% used [0x00000000d6280000,0x00000000d6310000,0x00000000d6380000)
  to   space 1024K, 0% used [0x00000000d6180000,0x00000000d6180000,0x00000000d6280000)
 ParOldGen       total 83456K, used 83195K [0x0000000080000000, 0x0000000085180000, 0x00000000d5580000)
  object space 83456K, 99% used [0x0000000080000000,0x000000008513ef08,0x0000000085180000)
 Metaspace       used 75694K, committed 77504K, reserved 1179648K
  class space    used 9251K, committed 10112K, reserved 1048576K
}
Event: 19566.817 GC heap before
{Heap before GC invocations=208 (full 3):
 PSYoungGen      total 12288K, used 11840K [0x00000000d5580000, 0x00000000d6380000, 0x0000000100000000)
  eden space 11264K, 100% used [0x00000000d5580000,0x00000000d6080000,0x00000000d6080000)
  from space 1024K, 56% used [0x00000000d6280000,0x00000000d6310000,0x00000000d6380000)
  to   space 1024K, 0% used [0x00000000d6180000,0x00000000d6180000,0x00000000d6280000)
 ParOldGen       total 83456K, used 83195K [0x0000000080000000, 0x0000000085180000, 0x00000000d5580000)
  object space 83456K, 99% used [0x0000000080000000,0x000000008513ef08,0x0000000085180000)
 Metaspace       used 75697K, committed 77504K, reserved 1179648K
  class space    used 9251K, committed 10112K, reserved 1048576K
}
Event: 19566.821 GC heap after
{Heap after GC invocations=208 (full 3):
 PSYoungGen      total 12288K, used 320K [0x00000000d5580000, 0x00000000d6300000, 0x0000000100000000)
  eden space 11264K, 0% used [0x00000000d5580000,0x00000000d5580000,0x00000000d6080000)
  from space 1024K, 31% used [0x00000000d6180000,0x00000000d61d0000,0x00000000d6280000)
  to   space 512K, 0% used [0x00000000d6280000,0x00000000d6280000,0x00000000d6300000)
 ParOldGen       total 83968K, used 83609K [0x0000000080000000, 0x0000000085200000, 0x00000000d5580000)
  object space 83968K, 99% used [0x0000000080000000,0x00000000851a6728,0x0000000085200000)
 Metaspace       used 75697K, committed 77504K, reserved 1179648K
  class space    used 9251K, committed 10112K, reserved 1048576K
}
Event: 19568.108 GC heap before
{Heap before GC invocations=209 (full 3):
 PSYoungGen      total 12288K, used 11584K [0x00000000d5580000, 0x00000000d6300000, 0x0000000100000000)
  eden space 11264K, 100% used [0x00000000d5580000,0x00000000d6080000,0x00000000d6080000)
  from space 1024K, 31% used [0x00000000d6180000,0x00000000d61d0000,0x00000000d6280000)
  to   space 512K, 0% used [0x00000000d6280000,0x00000000d6280000,0x00000000d6300000)
 ParOldGen       total 83968K, used 83609K [0x0000000080000000, 0x0000000085200000, 0x00000000d5580000)
  object space 83968K, 99% used [0x0000000080000000,0x00000000851a6728,0x0000000085200000)
 Metaspace       used 75698K, committed 77504K, reserved 1179648K
  class space    used 9251K, committed 10112K, reserved 1048576K
}
Event: 19568.110 GC heap after
{Heap after GC invocations=209 (full 3):
 PSYoungGen      total 11776K, used 320K [0x00000000d5580000, 0x00000000d6300000, 0x0000000100000000)
  eden space 11264K, 0% used [0x00000000d5580000,0x00000000d5580000,0x00000000d6080000)
  from space 512K, 62% used [0x00000000d6280000,0x00000000d62d0000,0x00000000d6300000)
  to   space 512K, 0% used [0x00000000d6200000,0x00000000d6200000,0x00000000d6280000)
 ParOldGen       total 83968K, used 83681K [0x0000000080000000, 0x0000000085200000, 0x00000000d5580000)
  object space 83968K, 99% used [0x0000000080000000,0x00000000851b8728,0x0000000085200000)
 Metaspace       used 75698K, committed 77504K, reserved 1179648K
  class space    used 9251K, committed 10112K, reserved 1048576K
}
Event: 19568.673 GC heap before
{Heap before GC invocations=210 (full 3):
 PSYoungGen      total 11776K, used 11584K [0x00000000d5580000, 0x00000000d6300000, 0x0000000100000000)
  eden space 11264K, 100% used [0x00000000d5580000,0x00000000d6080000,0x00000000d6080000)
  from space 512K, 62% used [0x00000000d6280000,0x00000000d62d0000,0x00000000d6300000)
  to   space 512K, 0% used [0x00000000d6200000,0x00000000d6200000,0x00000000d6280000)
 ParOldGen       total 83968K, used 83681K [0x0000000080000000, 0x0000000085200000, 0x00000000d5580000)
  object space 83968K, 99% used [0x0000000080000000,0x00000000851b8728,0x0000000085200000)
 Metaspace       used 75698K, committed 77504K, reserved 1179648K
  class space    used 9251K, committed 10112K, reserved 1048576K
}
Event: 19568.676 GC heap after
{Heap after GC invocations=210 (full 3):
 PSYoungGen      total 11776K, used 288K [0x00000000d5580000, 0x00000000d6300000, 0x0000000100000000)
  eden space 11264K, 0% used [0x00000000d5580000,0x00000000d5580000,0x00000000d6080000)
  from space 512K, 56% used [0x00000000d6200000,0x00000000d6248000,0x00000000d6280000)
  to   space 512K, 0% used [0x00000000d6280000,0x00000000d6280000,0x00000000d6300000)
 ParOldGen       total 83968K, used 83769K [0x0000000080000000, 0x0000000085200000, 0x00000000d5580000)
  object space 83968K, 99% used [0x0000000080000000,0x00000000851ce728,0x0000000085200000)
 Metaspace       used 75698K, committed 77504K, reserved 1179648K
  class space    used 9251K, committed 10112K, reserved 1048576K
}
Event: 19569.738 GC heap before
{Heap before GC invocations=211 (full 3):
 PSYoungGen      total 11776K, used 11552K [0x00000000d5580000, 0x00000000d6300000, 0x0000000100000000)
  eden space 11264K, 100% used [0x00000000d5580000,0x00000000d6080000,0x00000000d6080000)
  from space 512K, 56% used [0x00000000d6200000,0x00000000d6248000,0x00000000d6280000)
  to   space 512K, 0% used [0x00000000d6280000,0x00000000d6280000,0x00000000d6300000)
 ParOldGen       total 83968K, used 83769K [0x0000000080000000, 0x0000000085200000, 0x00000000d5580000)
  object space 83968K, 99% used [0x0000000080000000,0x00000000851ce728,0x0000000085200000)
 Metaspace       used 75698K, committed 77504K, reserved 1179648K
  class space    used 9251K, committed 10112K, reserved 1048576K
}
Event: 19569.743 GC heap after
{Heap after GC invocations=211 (full 3):
 PSYoungGen      total 11776K, used 288K [0x00000000d5580000, 0x00000000d6300000, 0x0000000100000000)
  eden space 11264K, 0% used [0x00000000d5580000,0x00000000d5580000,0x00000000d6080000)
  from space 512K, 56% used [0x00000000d6280000,0x00000000d62c8000,0x00000000d6300000)
  to   space 512K, 0% used [0x00000000d6200000,0x00000000d6200000,0x00000000d6280000)
 ParOldGen       total 83968K, used 83817K [0x0000000080000000, 0x0000000085200000, 0x00000000d5580000)
  object space 83968K, 99% used [0x0000000080000000,0x00000000851da728,0x0000000085200000)
 Metaspace       used 75698K, committed 77504K, reserved 1179648K
  class space    used 9251K, committed 10112K, reserved 1048576K
}
Event: 19677.234 GC heap before
{Heap before GC invocations=212 (full 3):
 PSYoungGen      total 11776K, used 11552K [0x00000000d5580000, 0x00000000d6300000, 0x0000000100000000)
  eden space 11264K, 100% used [0x00000000d5580000,0x00000000d6080000,0x00000000d6080000)
  from space 512K, 56% used [0x00000000d6280000,0x00000000d62c8000,0x00000000d6300000)
  to   space 512K, 0% used [0x00000000d6200000,0x00000000d6200000,0x00000000d6280000)
 ParOldGen       total 83968K, used 83817K [0x0000000080000000, 0x0000000085200000, 0x00000000d5580000)
  object space 83968K, 99% used [0x0000000080000000,0x00000000851da728,0x0000000085200000)
 Metaspace       used 75712K, committed 77504K, reserved 1179648K
  class space    used 9251K, committed 10112K, reserved 1048576K
}
Event: 19677.285 GC heap after
{Heap after GC invocations=212 (full 3):
 PSYoungGen      total 11776K, used 288K [0x00000000d5580000, 0x00000000d6300000, 0x0000000100000000)
  eden space 11264K, 0% used [0x00000000d5580000,0x00000000d5580000,0x00000000d6080000)
  from space 512K, 56% used [0x00000000d6200000,0x00000000d6248000,0x00000000d6280000)
  to   space 512K, 0% used [0x00000000d6280000,0x00000000d6280000,0x00000000d6300000)
 ParOldGen       total 83968K, used 83897K [0x0000000080000000, 0x0000000085200000, 0x00000000d5580000)
  object space 83968K, 99% used [0x0000000080000000,0x00000000851ee728,0x0000000085200000)
 Metaspace       used 75712K, committed 77504K, reserved 1179648K
  class space    used 9251K, committed 10112K, reserved 1048576K
}

Dll operation events (15 events):
Event: 0.014 Loaded shared library c:\Users\HP\.cursor\extensions\redhat.java-1.54.0-win32-x64\jre\21.0.10-win32-x86_64\bin\java.dll
Event: 0.131 Loaded shared library c:\Users\HP\.cursor\extensions\redhat.java-1.54.0-win32-x64\jre\21.0.10-win32-x86_64\bin\zip.dll
Event: 0.174 Loaded shared library C:\Users\HP\.cursor\extensions\redhat.java-1.54.0-win32-x64\jre\21.0.10-win32-x86_64\bin\instrument.dll
Event: 0.184 Loaded shared library C:\Users\HP\.cursor\extensions\redhat.java-1.54.0-win32-x64\jre\21.0.10-win32-x86_64\bin\net.dll
Event: 0.190 Loaded shared library C:\Users\HP\.cursor\extensions\redhat.java-1.54.0-win32-x64\jre\21.0.10-win32-x86_64\bin\nio.dll
Event: 0.197 Loaded shared library C:\Users\HP\.cursor\extensions\redhat.java-1.54.0-win32-x64\jre\21.0.10-win32-x86_64\bin\zip.dll
Event: 0.232 Loaded shared library C:\Users\HP\.cursor\extensions\redhat.java-1.54.0-win32-x64\jre\21.0.10-win32-x86_64\bin\jimage.dll
Event: 0.393 Loaded shared library c:\Users\HP\.cursor\extensions\redhat.java-1.54.0-win32-x64\jre\21.0.10-win32-x86_64\bin\verify.dll
Event: 17.742 Loaded shared library C:\Users\HP\AppData\Roaming\Cursor\User\globalStorage\redhat.java\1.54.0\config_win\org.eclipse.equinox.launcher\org.eclipse.equinox.launcher.win32.win32.x86_64_1.3.0.v20260203-2149\eclipse_11919.dll
Event: 38.493 Loaded shared library C:\Users\HP\AppData\Local\Temp\jna-2312\jna5740397963391801900.dll
Event: 46.062 Loaded shared library C:\Users\HP\.gradle\native\1def1411415f61bf3af743bc5b6707747c0891f09f0c88961ee8f79bc544acac\windows-amd64\native-platform.dll
Event: 48.415 Loaded shared library C:\Users\HP\.cursor\extensions\redhat.java-1.54.0-win32-x64\jre\21.0.10-win32-x86_64\bin\management.dll
Event: 48.422 Loaded shared library C:\Users\HP\.cursor\extensions\redhat.java-1.54.0-win32-x64\jre\21.0.10-win32-x86_64\bin\management_ext.dll
Event: 60.198 Loaded shared library C:\Users\HP\.cursor\extensions\redhat.java-1.54.0-win32-x64\jre\21.0.10-win32-x86_64\bin\extnet.dll
Event: 68.181 Loaded shared library C:\Users\HP\.cursor\extensions\redhat.java-1.54.0-win32-x64\jre\21.0.10-win32-x86_64\bin\sunmscapi.dll

Deoptimization events (20 events):
Event: 19306.947 Thread 0x0000023effa948b0 DEOPT PACKING pc=0x0000023eaa5dcd88 sp=0x000000765f5fe240
Event: 19306.951 Thread 0x0000023effa948b0 DEOPT UNPACKING pc=0x0000023ea95f3aa2 sp=0x000000765f5fe1b8 mode 2
Event: 19309.932 Thread 0x0000023efedf53a0 Uncommon trap: trap_request=0xffffffd6 fr.pc=0x0000023eaa5dcd88 relative=0x0000000000000748
Event: 19309.933 Thread 0x0000023efedf53a0 Uncommon trap: reason=array_check action=maybe_recompile pc=0x0000023eaa5dcd88 method=org.eclipse.core.internal.events.NodeIDMap.put(JLorg/eclipse/core/runtime/IPath;Lorg/eclipse/core/runtime/IPath;)V @ 225 c2
Event: 19309.933 Thread 0x0000023efedf53a0 DEOPT PACKING pc=0x0000023eaa5dcd88 sp=0x0000007660efe790
Event: 19309.936 Thread 0x0000023efedf53a0 DEOPT UNPACKING pc=0x0000023ea95f3aa2 sp=0x0000007660efe708 mode 2
Event: 19458.473 Thread 0x0000023efd9d2a60 DEOPT PACKING pc=0x0000023ea37297d2 sp=0x000000765f6ff520
Event: 19458.533 Thread 0x0000023efd9d2a60 DEOPT UNPACKING pc=0x0000023ea95f4242 sp=0x000000765f6fe9f8 mode 0
Event: 19567.440 Thread 0x0000023efedf53a0 Uncommon trap: trap_request=0xffffffc6 fr.pc=0x0000023eaa4539f8 relative=0x00000000000005b8
Event: 19567.441 Thread 0x0000023efedf53a0 Uncommon trap: reason=bimorphic_or_optimized_type_check action=maybe_recompile pc=0x0000023eaa4539f8 method=org.eclipse.core.internal.jobs.JobManager.lambda$8(Lorg/eclipse/core/internal/jobs/InternalJob;JLorg/eclipse/core/internal/jobs/InternalJob;)Ljava/
Event: 19567.442 Thread 0x0000023efedf53a0 DEOPT PACKING pc=0x0000023eaa4539f8 sp=0x0000007660efeb70
Event: 19567.471 Thread 0x0000023efedf53a0 DEOPT UNPACKING pc=0x0000023ea95f3aa2 sp=0x0000007660efe9c8 mode 2
Event: 19567.479 Thread 0x0000023efedf53a0 Uncommon trap: trap_request=0xffffff45 fr.pc=0x0000023eaa5cdb78 relative=0x00000000000000d8
Event: 19567.481 Thread 0x0000023efedf53a0 Uncommon trap: reason=unstable_if action=reinterpret pc=0x0000023eaa5cdb78 method=org.eclipse.core.internal.jobs.JobQueue.canOvertake(Lorg/eclipse/core/internal/jobs/InternalJob;Lorg/eclipse/core/internal/jobs/InternalJob;)Z @ 16 c2
Event: 19567.482 Thread 0x0000023efedf53a0 DEOPT PACKING pc=0x0000023eaa5cdb78 sp=0x0000007660efe540
Event: 19567.482 Thread 0x0000023efedf53a0 DEOPT UNPACKING pc=0x0000023ea95f3aa2 sp=0x0000007660efe4d8 mode 2
Event: 19567.496 Thread 0x0000023effa948b0 Uncommon trap: trap_request=0xffffffc6 fr.pc=0x0000023eaa4539f8 relative=0x00000000000005b8
Event: 19567.496 Thread 0x0000023effa948b0 Uncommon trap: reason=bimorphic_or_optimized_type_check action=maybe_recompile pc=0x0000023eaa4539f8 method=org.eclipse.core.internal.jobs.JobManager.lambda$8(Lorg/eclipse/core/internal/jobs/InternalJob;JLorg/eclipse/core/internal/jobs/InternalJob;)Ljava/
Event: 19567.496 Thread 0x0000023effa948b0 DEOPT PACKING pc=0x0000023eaa4539f8 sp=0x000000765f5ff0f0
Event: 19567.497 Thread 0x0000023effa948b0 DEOPT UNPACKING pc=0x0000023ea95f3aa2 sp=0x000000765f5fef48 mode 2

Classes loaded (20 events):
Event: 132.062 Loading class java/util/stream/ReduceOps$1
Event: 132.062 Loading class java/util/stream/ReduceOps$1 done
Event: 132.062 Loading class java/util/stream/ReduceOps$1ReducingSink
Event: 132.062 Loading class java/util/stream/ReduceOps$1ReducingSink done
Event: 132.118 Loading class java/io/SequenceInputStream
Event: 132.118 Loading class java/io/SequenceInputStream done
Event: 343.735 Loading class java/util/stream/Nodes$CollectorTask$OfRef
Event: 343.751 Loading class java/util/stream/Nodes$CollectorTask
Event: 343.767 Loading class java/util/stream/Nodes$CollectorTask done
Event: 343.767 Loading class java/util/stream/Nodes$CollectorTask$OfRef done
Event: 343.772 Loading class java/util/function/LongFunction
Event: 343.774 Loading class java/util/function/LongFunction done
Event: 343.782 Loading class java/util/stream/Nodes$ConcNode
Event: 343.788 Loading class java/util/stream/Nodes$AbstractConcNode
Event: 343.794 Loading class java/util/stream/Nodes$AbstractConcNode done
Event: 343.795 Loading class java/util/stream/Nodes$ConcNode done
Event: 18196.419 Loading class java/net/DatagramPacket
Event: 18196.624 Loading class java/net/DatagramPacket done
Event: 18563.053 Loading class java/nio/channels/CompletionHandler
Event: 18563.104 Loading class java/nio/channels/CompletionHandler done

Classes unloaded (7 events):
Event: 39.408 Thread 0x0000023eb59042e0 Unloading class 0x0000023eb71a9400 'java/lang/invoke/LambdaForm$MH+0x0000023eb71a9400'
Event: 39.408 Thread 0x0000023eb59042e0 Unloading class 0x0000023eb71a9000 'java/lang/invoke/LambdaForm$MH+0x0000023eb71a9000'
Event: 39.408 Thread 0x0000023eb59042e0 Unloading class 0x0000023eb71a8c00 'java/lang/invoke/LambdaForm$MH+0x0000023eb71a8c00'
Event: 39.408 Thread 0x0000023eb59042e0 Unloading class 0x0000023eb71a8800 'java/lang/invoke/LambdaForm$MH+0x0000023eb71a8800'
Event: 39.408 Thread 0x0000023eb59042e0 Unloading class 0x0000023eb71a8400 'java/lang/invoke/LambdaForm$BMH+0x0000023eb71a8400'
Event: 39.408 Thread 0x0000023eb59042e0 Unloading class 0x0000023eb71a8000 'java/lang/invoke/LambdaForm$DMH+0x0000023eb71a8000'
Event: 39.408 Thread 0x0000023eb59042e0 Unloading class 0x0000023eb71a6c00 'java/lang/invoke/LambdaForm$DMH+0x0000023eb71a6c00'

Classes redefined (0 events):
No events

Internal exceptions (20 events):
Event: 5467.870 Thread 0x0000023effa948b0 Exception <a 'sun/nio/fs/WindowsException'{0x00000000d5c6fa28}> (0x00000000d5c6fa28) 
thrown [s\src\hotspot\share\prims\jni.cpp, line 520]
Event: 18195.735 Thread 0x0000023efd9d30f0 Implicit null exception at 0x0000023eaa2c15da to 0x0000023eaa2c1640
Event: 18351.557 Thread 0x0000023eff8dc130 Exception <a 'java/lang/NoSuchMethodError'{0x00000000d5757b80}: static Lorg/gradle/plugins/ide/internal/tooling/model/DefaultGradleProject;.<clinit>()V> (0x00000000d5757b80) 
thrown [s\src\hotspot\share\prims\jni.cpp, line 1111]
Event: 18351.673 Thread 0x0000023eff8dc130 Exception <a 'java/lang/NoSuchMethodError'{0x00000000d576b2a0}: static Lorg/gradle/plugins/ide/internal/tooling/model/DefaultGradleScript;.<clinit>()V> (0x00000000d576b2a0) 
thrown [s\src\hotspot\share\prims\jni.cpp, line 1111]
Event: 18352.856 Thread 0x0000023eff8dc130 Exception <a 'java/lang/NoSuchMethodError'{0x00000000d585ba70}: static Lorg/gradle/tooling/internal/gradle/DefaultProjectIdentifier;.<clinit>()V> (0x00000000d585ba70) 
thrown [s\src\hotspot\share\prims\jni.cpp, line 1111]
Event: 18352.870 Thread 0x0000023eff8dc130 Exception <a 'java/lang/NoSuchMethodError'{0x00000000d586a078}: static Lorg/gradle/tooling/internal/gradle/DefaultBuildIdentifier;.<clinit>()V> (0x00000000d586a078) 
thrown [s\src\hotspot\share\prims\jni.cpp, line 1111]
Event: 18352.987 Thread 0x0000023eff8dc130 Exception <a 'java/lang/NoSuchMethodError'{0x00000000d58a7638}: static Lorg/gradle/plugins/ide/internal/tooling/model/LaunchableGradleTask;.<clinit>()V> (0x00000000d58a7638) 
thrown [s\src\hotspot\share\prims\jni.cpp, line 1111]
Event: 18352.990 Thread 0x0000023eff8dc130 Exception <a 'java/lang/NoSuchMethodError'{0x00000000d58ac978}: static Lorg/gradle/plugins/ide/internal/tooling/model/LaunchableGradleProjectTask;.<clinit>()V> (0x00000000d58ac978) 
thrown [s\src\hotspot\share\prims\jni.cpp, line 1111]
Event: 18478.381 Thread 0x0000023effa92150 Exception <a 'sun/nio/fs/WindowsException'{0x00000000d59f5d10}> (0x00000000d59f5d10) 
thrown [s\src\hotspot\share\prims\jni.cpp, line 520]
Event: 18478.390 Thread 0x0000023effa92150 Exception <a 'sun/nio/fs/WindowsException'{0x00000000d59f68b8}> (0x00000000d59f68b8) 
thrown [s\src\hotspot\share\prims\jni.cpp, line 520]
Event: 18851.329 Thread 0x0000023eff8de890 Exception <a 'sun/nio/fs/WindowsException'{0x00000000d5746708}> (0x00000000d5746708) 
thrown [s\src\hotspot\share\prims\jni.cpp, line 520]
Event: 18851.335 Thread 0x0000023eff8de890 Exception <a 'sun/nio/fs/WindowsException'{0x00000000d5747250}> (0x00000000d5747250) 
thrown [s\src\hotspot\share\prims\jni.cpp, line 520]
Event: 19506.242 Thread 0x0000023eff8dc7c0 Exception <a 'java/lang/NoSuchMethodError'{0x00000000d5757e48}: static Lorg/gradle/plugins/ide/internal/tooling/model/DefaultGradleProject;.<clinit>()V> (0x00000000d5757e48) 
thrown [s\src\hotspot\share\prims\jni.cpp, line 1111]
Event: 19506.274 Thread 0x0000023eff8dc7c0 Exception <a 'java/lang/NoSuchMethodError'{0x00000000d576b4b0}: static Lorg/gradle/plugins/ide/internal/tooling/model/DefaultGradleScript;.<clinit>()V> (0x00000000d576b4b0) 
thrown [s\src\hotspot\share\prims\jni.cpp, line 1111]
Event: 19506.928 Thread 0x0000023eff8dc7c0 Exception <a 'java/lang/NoSuchMethodError'{0x00000000d585b7e0}: static Lorg/gradle/tooling/internal/gradle/DefaultProjectIdentifier;.<clinit>()V> (0x00000000d585b7e0) 
thrown [s\src\hotspot\share\prims\jni.cpp, line 1111]
Event: 19506.936 Thread 0x0000023eff8dc7c0 Exception <a 'java/lang/NoSuchMethodError'{0x00000000d586a048}: static Lorg/gradle/tooling/internal/gradle/DefaultBuildIdentifier;.<clinit>()V> (0x00000000d586a048) 
thrown [s\src\hotspot\share\prims\jni.cpp, line 1111]
Event: 19507.024 Thread 0x0000023eff8dc7c0 Exception <a 'java/lang/NoSuchMethodError'{0x00000000d58a7098}: static Lorg/gradle/plugins/ide/internal/tooling/model/LaunchableGradleTask;.<clinit>()V> (0x00000000d58a7098) 
thrown [s\src\hotspot\share\prims\jni.cpp, line 1111]
Event: 19507.024 Thread 0x0000023eff8dc7c0 Exception <a 'java/lang/NoSuchMethodError'{0x00000000d58ac3d8}: static Lorg/gradle/plugins/ide/internal/tooling/model/LaunchableGradleProjectTask;.<clinit>()V> (0x00000000d58ac3d8) 
thrown [s\src\hotspot\share\prims\jni.cpp, line 1111]
Event: 19567.745 Thread 0x0000023eff8de890 Exception <a 'sun/nio/fs/WindowsException'{0x00000000d5ccf928}> (0x00000000d5ccf928) 
thrown [s\src\hotspot\share\prims\jni.cpp, line 520]
Event: 19567.747 Thread 0x0000023eff8de890 Exception <a 'sun/nio/fs/WindowsException'{0x00000000d5cd0440}> (0x00000000d5cd0440) 
thrown [s\src\hotspot\share\prims\jni.cpp, line 520]

ZGC Phase Switch (0 events):
No events

VM Operations (20 events):
Event: 19569.738 Executing safepoint VM operation: ParallelGCFailedAllocation (Allocation Failure)
Event: 19569.743 Executing safepoint VM operation: ParallelGCFailedAllocation (Allocation Failure) done
Event: 19589.291 Executing non-safepoint VM operation: HandshakeAllThreads (HandshakeForDeflation)
Event: 19589.297 Executing non-safepoint VM operation: HandshakeAllThreads (HandshakeForDeflation) done
Event: 19589.298 Executing non-safepoint VM operation: RendezvousGCThreads
Event: 19589.298 Executing non-safepoint VM operation: RendezvousGCThreads done
Event: 19646.878 Executing safepoint VM operation: Cleanup
Event: 19646.878 Executing safepoint VM operation: Cleanup done
Event: 19649.533 Executing non-safepoint VM operation: HandshakeAllThreads (HandshakeForDeflation)
Event: 19649.533 Executing non-safepoint VM operation: HandshakeAllThreads (HandshakeForDeflation) done
Event: 19649.533 Executing non-safepoint VM operation: RendezvousGCThreads
Event: 19649.533 Executing non-safepoint VM operation: RendezvousGCThreads done
Event: 19677.227 Executing safepoint VM operation: ParallelGCFailedAllocation (Allocation Failure)
Event: 19677.285 Executing safepoint VM operation: ParallelGCFailedAllocation (Allocation Failure) done
Event: 19678.287 Executing safepoint VM operation: Cleanup
Event: 19678.287 Executing safepoint VM operation: Cleanup done
Event: 19709.661 Executing non-safepoint VM operation: HandshakeAllThreads (HandshakeForDeflation)
Event: 19709.667 Executing non-safepoint VM operation: HandshakeAllThreads (HandshakeForDeflation) done
Event: 19709.667 Executing non-safepoint VM operation: RendezvousGCThreads
Event: 19709.667 Executing non-safepoint VM operation: RendezvousGCThreads done

Memory protections (0 events):
No events

Nmethod flushes (20 events):
Event: 52.616 Thread 0x0000023eb59042e0 flushing  nmethod 0x0000023ea2a70f90
Event: 52.616 Thread 0x0000023eb59042e0 flushing  nmethod 0x0000023ea2a76f10
Event: 52.616 Thread 0x0000023eb59042e0 flushing  nmethod 0x0000023ea2a92410
Event: 52.616 Thread 0x0000023eb59042e0 flushing  nmethod 0x0000023ea2a94110
Event: 52.616 Thread 0x0000023eb59042e0 flushing  nmethod 0x0000023ea2ab2290
Event: 52.616 Thread 0x0000023eb59042e0 flushing  nmethod 0x0000023ea2ab2610
Event: 52.616 Thread 0x0000023eb59042e0 flushing  nmethod 0x0000023ea2ab2c10
Event: 52.616 Thread 0x0000023eb59042e0 flushing  nmethod 0x0000023ea2ab5490
Event: 52.616 Thread 0x0000023eb59042e0 flushing  nmethod 0x0000023ea2ad0190
Event: 52.616 Thread 0x0000023eb59042e0 flushing  nmethod 0x0000023ea2ae4610
Event: 52.616 Thread 0x0000023eb59042e0 flushing  nmethod 0x0000023ea2aef910
Event: 52.616 Thread 0x0000023eb59042e0 flushing  nmethod 0x0000023ea2b02890
Event: 52.616 Thread 0x0000023eb59042e0 flushing  nmethod 0x0000023ea2b03010
Event: 52.616 Thread 0x0000023eb59042e0 flushing  nmethod 0x0000023ea2b03390
Event: 52.616 Thread 0x0000023eb59042e0 flushing  nmethod 0x0000023ea2b48210
Event: 52.616 Thread 0x0000023eb59042e0 flushing  nmethod 0x0000023ea2b49490
Event: 52.616 Thread 0x0000023eb59042e0 flushing  nmethod 0x0000023ea2b49f90
Event: 52.616 Thread 0x0000023eb59042e0 flushing  nmethod 0x0000023ea2b4ab90
Event: 52.616 Thread 0x0000023eb59042e0 flushing  nmethod 0x0000023ea2b4b290
Event: 52.616 Thread 0x0000023eb59042e0 flushing  nmethod 0x0000023ea2b4df90

Events (20 events):
Event: 18478.297 Thread 0x0000023eff8dc130 Thread exited: 0x0000023eff8dc130
Event: 18478.433 Thread 0x0000023effa92150 Thread added: 0x0000023eff8de890
Event: 18478.459 Thread 0x0000023eff8de890 Thread exited: 0x0000023eff8de890
Event: 18478.983 Thread 0x0000023effa948b0 Thread added: 0x0000023eff8de890
Event: 18539.035 Thread 0x0000023effa92150 Thread exited: 0x0000023effa92150
Event: 18850.966 Thread 0x0000023eff8de890 Thread added: 0x0000023eff8dc7c0
Event: 18851.254 Thread 0x0000023eff8de890 Thread added: 0x0000023eff8dce50
Event: 18851.273 Thread 0x0000023eff8dce50 Thread exited: 0x0000023eff8dce50
Event: 18851.359 Thread 0x0000023eff8de890 Thread added: 0x0000023eff8dce50
Event: 18851.361 Thread 0x0000023eff8dce50 Thread exited: 0x0000023eff8dce50
Event: 18911.612 Thread 0x0000023eff8dc7c0 Thread exited: 0x0000023eff8dc7c0
Event: 19485.331 Thread 0x0000023efedf53a0 Thread added: 0x0000023eff8dc7c0
Event: 19507.996 Thread 0x0000023eff8dc7c0 Thread exited: 0x0000023eff8dc7c0
Event: 19567.513 Thread 0x0000023eff8de890 Thread added: 0x0000023eff8dce50
Event: 19567.696 Thread 0x0000023eff8de890 Thread added: 0x0000023eff8dc7c0
Event: 19567.716 Thread 0x0000023eff8dc7c0 Thread exited: 0x0000023eff8dc7c0
Event: 19567.768 Thread 0x0000023eff8de890 Thread added: 0x0000023eff8dc7c0
Event: 19567.772 Thread 0x0000023eff8dc7c0 Thread exited: 0x0000023eff8dc7c0
Event: 19646.264 Thread 0x0000023effa948b0 Thread exited: 0x0000023effa948b0
Event: 19648.690 Thread 0x0000023eff8dce50 Thread added: 0x0000023eff8dc7c0


Dynamic libraries:
0x00007ff76ef20000 - 0x00007ff76ef2e000 	c:\Users\HP\.cursor\extensions\redhat.java-1.54.0-win32-x64\jre\21.0.10-win32-x86_64\bin\java.exe
0x00007ffd401c0000 - 0x00007ffd40427000 	C:\WINDOWS\SYSTEM32\ntdll.dll
0x00007ffd3ee20000 - 0x00007ffd3eee9000 	C:\WINDOWS\System32\KERNEL32.DLL
0x00007ffd3d980000 - 0x00007ffd3dd77000 	C:\WINDOWS\System32\KERNELBASE.dll
0x00007ffd3cca0000 - 0x00007ffd3cdeb000 	C:\WINDOWS\System32\ucrtbase.dll
0x00007ffd24610000 - 0x00007ffd24628000 	c:\Users\HP\.cursor\extensions\redhat.java-1.54.0-win32-x64\jre\21.0.10-win32-x86_64\bin\jli.dll
0x00007ffd3f170000 - 0x00007ffd3f336000 	C:\WINDOWS\System32\USER32.dll
0x00007ffd3cf60000 - 0x00007ffd3cf87000 	C:\WINDOWS\System32\win32u.dll
0x00007ffd3fba0000 - 0x00007ffd3fbcb000 	C:\WINDOWS\System32\GDI32.dll
0x00007ffd3dd80000 - 0x00007ffd3deac000 	C:\WINDOWS\System32\gdi32full.dll
0x00007ffd3cbf0000 - 0x00007ffd3cc93000 	C:\WINDOWS\System32\msvcp_win.dll
0x00007ffd245f0000 - 0x00007ffd2460e000 	c:\Users\HP\.cursor\extensions\redhat.java-1.54.0-win32-x64\jre\21.0.10-win32-x86_64\bin\VCRUNTIME140.dll
0x00007ffd21ea0000 - 0x00007ffd22132000 	C:\WINDOWS\WinSxS\amd64_microsoft.windows.common-controls_6595b64144ccf1df_6.0.26100.8457_none_3e0b2faee331e92d\COMCTL32.dll
0x00007ffd3e610000 - 0x00007ffd3e6b9000 	C:\WINDOWS\System32\msvcrt.dll
0x00007ffd3e5d0000 - 0x00007ffd3e602000 	C:\WINDOWS\System32\IMM32.DLL
0x00007ffd1c010000 - 0x00007ffd1c16e000 	C:\Program Files (x86)\Citrix\ICA Client\ctxapclient64.dll
0x00007ffd3e8c0000 - 0x00007ffd3ec43000 	C:\WINDOWS\System32\combase.dll
0x00007ffd40060000 - 0x00007ffd40178000 	C:\WINDOWS\System32\RPCRT4.dll
0x00007ffd34d80000 - 0x00007ffd34d8b000 	C:\WINDOWS\SYSTEM32\VERSION.dll
0x00007ffd3cae0000 - 0x00007ffd3cb0a000 	C:\WINDOWS\SYSTEM32\bcrypt.dll
0x00007ffd3ff80000 - 0x00007ffd40027000 	C:\WINDOWS\System32\sechost.dll
0x00007ffd3ed50000 - 0x00007ffd3ee06000 	C:\WINDOWS\System32\ADVAPI32.dll
0x00007ffd3baa0000 - 0x00007ffd3bad6000 	C:\WINDOWS\SYSTEM32\ntmarta.dll
0x00007ffd3cdf0000 - 0x00007ffd3ce98000 	C:\WINDOWS\System32\bcryptprimitives.dll
0x00007ffd2c4b0000 - 0x00007ffd2c4bc000 	c:\Users\HP\.cursor\extensions\redhat.java-1.54.0-win32-x64\jre\21.0.10-win32-x86_64\bin\vcruntime140_1.dll
0x00007ffd0ae90000 - 0x00007ffd0af1d000 	c:\Users\HP\.cursor\extensions\redhat.java-1.54.0-win32-x64\jre\21.0.10-win32-x86_64\bin\msvcp140.dll
0x00007ffc46e50000 - 0x00007ffc47bf1000 	c:\Users\HP\.cursor\extensions\redhat.java-1.54.0-win32-x64\jre\21.0.10-win32-x86_64\bin\server\jvm.dll
0x00007ffd3f0e0000 - 0x00007ffd3f160000 	C:\WINDOWS\System32\WS2_32.dll
0x00007ffd3ca70000 - 0x00007ffd3cace000 	C:\WINDOWS\SYSTEM32\POWRPROF.dll
0x00007ffd34d40000 - 0x00007ffd34d76000 	C:\WINDOWS\SYSTEM32\WINMM.dll
0x00007ffd3ca50000 - 0x00007ffd3ca64000 	C:\WINDOWS\SYSTEM32\UMPDC.dll
0x00007ffd3b960000 - 0x00007ffd3b97b000 	C:\WINDOWS\SYSTEM32\kernel.appcore.dll
0x00007ffd24650000 - 0x00007ffd2465a000 	c:\Users\HP\.cursor\extensions\redhat.java-1.54.0-win32-x64\jre\21.0.10-win32-x86_64\bin\jimage.dll
0x00007ffd302a0000 - 0x00007ffd304e2000 	C:\WINDOWS\SYSTEM32\DBGHELP.DLL
0x0000023e9e550000 - 0x0000023e9e629000 	C:\WINDOWS\System32\OLEAUT32.dll
0x00007ffd202a0000 - 0x00007ffd202db000 	C:\WINDOWS\SYSTEM32\dbgcore.DLL
0x00007ffd245e0000 - 0x00007ffd245ef000 	c:\Users\HP\.cursor\extensions\redhat.java-1.54.0-win32-x64\jre\21.0.10-win32-x86_64\bin\instrument.dll
0x00007ffd24630000 - 0x00007ffd24650000 	c:\Users\HP\.cursor\extensions\redhat.java-1.54.0-win32-x64\jre\21.0.10-win32-x86_64\bin\java.dll
0x0000023efd000000 - 0x0000023efd76e000 	C:\WINDOWS\System32\SHELL32.dll
0x00007ffd3d110000 - 0x00007ffd3d97c000 	C:\WINDOWS\System32\windows.storage.dll
0x00007ffd3fe80000 - 0x00007ffd3ff76000 	C:\WINDOWS\System32\SHCORE.dll
0x00007ffd3fe10000 - 0x00007ffd3fe76000 	C:\WINDOWS\System32\shlwapi.dll
0x00007ffd3cb10000 - 0x00007ffd3cb39000 	C:\WINDOWS\SYSTEM32\profapi.dll
0x00007ffcf0450000 - 0x00007ffcf0468000 	c:\Users\HP\.cursor\extensions\redhat.java-1.54.0-win32-x64\jre\21.0.10-win32-x86_64\bin\zip.dll
0x00007ffd245d0000 - 0x00007ffd245e0000 	C:\Users\HP\.cursor\extensions\redhat.java-1.54.0-win32-x64\jre\21.0.10-win32-x86_64\bin\net.dll
0x00007ffd356f0000 - 0x00007ffd35819000 	C:\WINDOWS\SYSTEM32\WINHTTP.dll
0x00007ffd3bef0000 - 0x00007ffd3bf5c000 	C:\WINDOWS\system32\mswsock.dll
0x00007ffcf0430000 - 0x00007ffcf0446000 	C:\Users\HP\.cursor\extensions\redhat.java-1.54.0-win32-x64\jre\21.0.10-win32-x86_64\bin\nio.dll
0x00007ffd24540000 - 0x00007ffd24550000 	c:\Users\HP\.cursor\extensions\redhat.java-1.54.0-win32-x64\jre\21.0.10-win32-x86_64\bin\verify.dll
0x00007ffcab3a0000 - 0x00007ffcab3e5000 	C:\Users\HP\AppData\Roaming\Cursor\User\globalStorage\redhat.java\1.54.0\config_win\org.eclipse.equinox.launcher\org.eclipse.equinox.launcher.win32.win32.x86_64_1.3.0.v20260203-2149\eclipse_11919.dll
0x00007ffd3df90000 - 0x00007ffd3e127000 	C:\WINDOWS\System32\ole32.dll
0x00007ffd3c1d0000 - 0x00007ffd3c1eb000 	C:\WINDOWS\SYSTEM32\CRYPTSP.dll
0x00007ffd3b8c0000 - 0x00007ffd3b8f9000 	C:\WINDOWS\system32\rsaenh.dll
0x00007ffd3bfa0000 - 0x00007ffd3bfd3000 	C:\WINDOWS\SYSTEM32\USERENV.dll
0x00007ffd3c1f0000 - 0x00007ffd3c1fc000 	C:\WINDOWS\SYSTEM32\CRYPTBASE.dll
0x00007ffd3b340000 - 0x00007ffd3b372000 	C:\WINDOWS\SYSTEM32\IPHLPAPI.DLL
0x00007ffd3ee10000 - 0x00007ffd3ee1a000 	C:\WINDOWS\System32\NSI.dll
0x00007ffc9a810000 - 0x00007ffc9a859000 	C:\Users\HP\AppData\Local\Temp\jna-2312\jna5740397963391801900.dll
0x00007ffd3fcf0000 - 0x00007ffd3fcf8000 	C:\WINDOWS\System32\PSAPI.DLL
0x00007ffd362e0000 - 0x00007ffd362fd000 	C:\WINDOWS\SYSTEM32\dhcpcsvc6.DLL
0x00007ffd353d0000 - 0x00007ffd353f5000 	C:\WINDOWS\SYSTEM32\dhcpcsvc.DLL
0x00007ffc9ac70000 - 0x00007ffc9ac97000 	C:\Users\HP\.gradle\native\1def1411415f61bf3af743bc5b6707747c0891f09f0c88961ee8f79bc544acac\windows-amd64\native-platform.dll
0x00007ffcf0420000 - 0x00007ffcf042a000 	C:\Users\HP\.cursor\extensions\redhat.java-1.54.0-win32-x64\jre\21.0.10-win32-x86_64\bin\management.dll
0x00007ffcef9d0000 - 0x00007ffcef9dc000 	C:\Users\HP\.cursor\extensions\redhat.java-1.54.0-win32-x64\jre\21.0.10-win32-x86_64\bin\management_ext.dll
0x00007ffcf5cc0000 - 0x00007ffcf5cc9000 	C:\Users\HP\.cursor\extensions\redhat.java-1.54.0-win32-x64\jre\21.0.10-win32-x86_64\bin\extnet.dll
0x00007ffd3a440000 - 0x00007ffd3a4e0000 	C:\WINDOWS\system32\apphelp.dll
0x00007ffd0ae80000 - 0x00007ffd0ae8e000 	C:\Users\HP\.cursor\extensions\redhat.java-1.54.0-win32-x64\jre\21.0.10-win32-x86_64\bin\sunmscapi.dll
0x0000023e80010000 - 0x0000023e80188000 	C:\WINDOWS\System32\CRYPT32.dll
0x00007ffd3c3f0000 - 0x00007ffd3c420000 	C:\WINDOWS\SYSTEM32\ncrypt.dll
0x00007ffd3c3a0000 - 0x00007ffd3c3df000 	C:\WINDOWS\SYSTEM32\NTASN1.dll
0x00007ffd11360000 - 0x00007ffd11368000 	C:\WINDOWS\system32\wshunix.dll

JVMTI agents:
c:\Users\HP\.cursor\extensions\redhat.java-1.54.0-win32-x64\lombok\lombok-1.18.39-4050.jar path:c:\Users\HP\.cursor\extensions\redhat.java-1.54.0-win32-x64\jre\21.0.10-win32-x86_64\bin\instrument.dll, loaded, initialized, instrumentlib options:none

dbghelp: loaded successfully - version: 4.0.5 - missing functions: none
symbol engine: initialized successfully - sym options: 0x614 - pdb path: .;c:\Users\HP\.cursor\extensions\redhat.java-1.54.0-win32-x64\jre\21.0.10-win32-x86_64\bin;C:\WINDOWS\SYSTEM32;C:\WINDOWS\WinSxS\amd64_microsoft.windows.common-controls_6595b64144ccf1df_6.0.26100.8457_none_3e0b2faee331e92d;C:\Program Files (x86)\Citrix\ICA Client;c:\Users\HP\.cursor\extensions\redhat.java-1.54.0-win32-x64\jre\21.0.10-win32-x86_64\bin\server;C:\Users\HP\AppData\Roaming\Cursor\User\globalStorage\redhat.java\1.54.0\config_win\org.eclipse.equinox.launcher\org.eclipse.equinox.launcher.win32.win32.x86_64_1.3.0.v20260203-2149;C:\Users\HP\AppData\Local\Temp\jna-2312;C:\Users\HP\.gradle\native\1def1411415f61bf3af743bc5b6707747c0891f09f0c88961ee8f79bc544acac\windows-amd64

VM Arguments:
jvm_args: --add-modules=ALL-SYSTEM --add-opens=java.base/java.util=ALL-UNNAMED --add-opens=java.base/java.lang=ALL-UNNAMED --add-opens=java.base/sun.nio.fs=ALL-UNNAMED -Declipse.application=org.eclipse.jdt.ls.core.id1 -Dosgi.bundles.defaultStartLevel=4 -Declipse.product=org.eclipse.jdt.ls.core.product -Djava.import.generatesMetadataFilesAtProjectRoot=false -DDetectVMInstallationsJob.disabled=true -Dfile.encoding=utf8 -XX:+UseParallelGC -XX:GCTimeRatio=4 -XX:AdaptiveSizePolicyWeight=90 -Dsun.zip.disableMemoryMapping=true -Xmx2G -Xms100m -Xlog:disable -javaagent:c:\Users\HP\.cursor\extensions\redhat.java-1.54.0-win32-x64\lombok\lombok-1.18.39-4050.jar -XX:+HeapDumpOnOutOfMemoryError -XX:HeapDumpPath=c:\Users\HP\AppData\Roaming\Cursor\User\workspaceStorage\96979aa1dac3c4fa74adfd185f155ff4\redhat.java -Daether.dependencyCollector.impl=bf 
java_command: c:\Users\HP\.cursor\extensions\redhat.java-1.54.0-win32-x64\server\plugins\org.eclipse.equinox.launcher_1.7.100.v20251111-0406.jar -configuration c:\Users\HP\AppData\Roaming\Cursor\User\globalStorage\redhat.java\1.54.0\config_win -data c:\Users\HP\AppData\Roaming\Cursor\User\workspaceStorage\96979aa1dac3c4fa74adfd185f155ff4\redhat.java\jdt_ws --pipe=\\.\pipe\lsp-f6577098dfb114c783a48e59aadd54fc-sock
java_class_path (initial): c:\Users\HP\.cursor\extensions\redhat.java-1.54.0-win32-x64\server\plugins\org.eclipse.equinox.launcher_1.7.100.v20251111-0406.jar
Launcher Type: SUN_STANDARD

[Global flags]
    uintx AdaptiveSizePolicyWeight                 = 90                                        {product} {command line}
     intx CICompilerCount                          = 4                                         {product} {ergonomic}
    uintx GCTimeRatio                              = 4                                         {product} {command line}
     bool HeapDumpOnOutOfMemoryError               = true                                   {manageable} {command line}
    ccstr HeapDumpPath                             = c:\Users\HP\AppData\Roaming\Cursor\User\workspaceStorage\96979aa1dac3c4fa74adfd185f155ff4\redhat.java         {manageable} {command line}
   size_t InitialHeapSize                          = 104857600                                 {product} {command line}
   size_t MaxHeapSize                              = 2147483648                                {product} {command line}
   size_t MaxNewSize                               = 715653120                                 {product} {ergonomic}
   size_t MinHeapDeltaBytes                        = 524288                                    {product} {ergonomic}
   size_t MinHeapSize                              = 104857600                                 {product} {command line}
   size_t NewSize                                  = 34603008                                  {product} {ergonomic}
    uintx NonNMethodCodeHeapSize                   = 5839372                                {pd product} {ergonomic}
    uintx NonProfiledCodeHeapSize                  = 122909434                              {pd product} {ergonomic}
   size_t OldSize                                  = 70254592                                  {product} {ergonomic}
    uintx ProfiledCodeHeapSize                     = 122909434                              {pd product} {ergonomic}
    uintx ReservedCodeCacheSize                    = 251658240                              {pd product} {ergonomic}
     bool SegmentedCodeCache                       = true                                      {product} {ergonomic}
   size_t SoftMaxHeapSize                          = 2147483648                             {manageable} {ergonomic}
     bool UseCompressedOops                        = true                           {product lp64_product} {ergonomic}
     bool UseLargePagesIndividualAllocation        = false                                  {pd product} {ergonomic}
     bool UseParallelGC                            = true                                      {product} {command line}

Logging:
Log output configuration:
 #0: stdout all=off uptime,level,tags foldmultilines=false
 #1: stderr all=off uptime,level,tags foldmultilines=false

Release file:
JAVA_VERSION="21.0.10" 
MODULES="java.base java.compiler java.datatransfer java.xml java.prefs java.desktop java.instrument java.logging java.management java.security.sasl java.naming java.rmi java.management.rmi java.net.http java.scripting java.security.jgss java.transaction.xa java.sql java.sql.rowset java.xml.crypto java.se java.smartcardio jdk.accessibility jdk.internal.jvmstat jdk.attach jdk.charsets jdk.internal.opt jdk.zipfs jdk.compiler jdk.crypto.ec jdk.crypto.cryptoki jdk.crypto.mscapi jdk.dynalink jdk.internal.ed jdk.editpad jdk.hotspot.agent jdk.httpserver jdk.internal.le jdk.internal.vm.ci jdk.internal.vm.compiler jdk.internal.vm.compiler.management jdk.jartool jdk.javadoc jdk.jcmd jdk.management jdk.management.agent jdk.jconsole jdk.jdeps jdk.jdwp.agent jdk.jdi jdk.jfr jdk.jshell jdk.jsobject jdk.jstatd jdk.localedata jdk.management.jfr jdk.naming.dns jdk.naming.rmi jdk.net jdk.nio.mapmode jdk.random jdk.sctp jdk.security.auth jdk.security.jgss jdk.unsupported jdk.unsupported.desktop jdk.xml.dom" 

Environment Variables:
PATH=C:\Program Files\Common Files\Oracle\Java\javapath;C:\WINDOWS\system32;C:\WINDOWS;C:\WINDOWS\System32\Wbem;C:\WINDOWS\System32\WindowsPowerShell\v1.0\;C:\WINDOWS\System32\OpenSSH\;C:\Program Files\Git\cmd;c:\Users\HP\AppData\Local\Programs\cursor\resources\app\bin;C:\Program Files (x86)\Microsoft SQL Server\170\Tools\Binn\;C:\Program Files\Microsoft SQL Server\170\Tools\Binn\;C:\Program Files\Microsoft SQL Server\Client SDK\ODBC\180\Tools\Binn\;C:\Program Files\Microsoft SQL Server\170\DTS\Binn\;C:\Program Files\nodejs\;C:\Users\HP\AppData\Local\Programs\Python\Python311\Scripts\;C:\Users\HP\AppData\Local\Programs\Python\Python311\;C:\Users\HP\AppData\Local\Programs\Python\Python313\Scripts\;C:\Users\HP\AppData\Local\Programs\Python\Python313\;C:\Users\HP\AppData\Local\Programs\Python\Launcher\;C:\Users\HP\AppData\Local\Microsoft\WindowsApps;C:\Users\HP\AppData\Local\Programs\Microsoft VS Code\bin;C:\Users\HP\AppData\Local\Microsoft\WinGet\Packages\Gyan.FFmpeg_Microsoft.Winget.Source_8wekyb3d8bbwe\ffmpeg-8.0.1-full_build\bin;C:\Users\HP\AppData\Local\PowerToys\DSCModules\;C:\Users\HP\AppData\Roaming\npm;C:\Users\HP\AppData\Local\Programs\Antigravity IDE\bin;C:\Users\HP\AppData\Local\Programs\cursor\resources\app\bin
USERNAME=HP
OS=Windows_NT
PROCESSOR_IDENTIFIER=AMD64 Family 25 Model 80 Stepping 0, AuthenticAMD
TMP=C:\Users\HP\AppData\Local\Temp
TEMP=C:\Users\HP\AppData\Local\Temp




Periodic native trim disabled

---------------  S Y S T E M  ---------------

OS:
 Windows 11 , 64 bit Build 26100 (10.0.26100.8328)
OS uptime: 0 days 5:54 hours
Hyper-V role detected

CPU: total 12 (initial active 12) (12 cores per cpu, 2 threads per core) family 25 model 80 stepping 0 microcode 0xa50000f, cx8, cmov, fxsr, ht, mmx, 3dnowpref, sse, sse2, sse3, ssse3, sse4a, sse4.1, sse4.2, popcnt, lzcnt, tsc, tscinvbit, avx, avx2, aes, erms, clmul, bmi1, bmi2, adx, sha, fma, vzeroupper, clflush, clflushopt, hv, rdtscp, rdpid, fsrm, f16c, cet_ss
Processor Information for the first 12 processors :
  Max Mhz: 3301, Current Mhz: 1908, Mhz Limit: 3301

Memory: 4k page, system-wide physical 7521M (668M free)
TotalPageFile size 31073M (AvailPageFile size 22M)
current process WorkingSet (physical memory assigned to process): 10M, peak: 273M
current process commit charge ("private bytes"): 497M, peak: 507M

vm_info: OpenJDK 64-Bit Server VM (21.0.10+7-LTS) for windows-amd64 JRE (21.0.10+7-LTS), built on 2026-01-20T00:00:00Z by "admin" with MS VC++ 17.12 (VS2022)

END.
