#
# There is insufficient memory for the Java Runtime Environment to continue.
# Native memory allocation (malloc) failed to allocate 1479216 bytes. Error detail: Chunk::new
# Possible reasons:
#   The system is out of physical RAM or swap space
#   This process is running with CompressedOops enabled, and the Java Heap may be blocking the growth of the native heap
# Possible solutions:
#   Reduce memory load on the system
#   Increase physical memory or swap space
#   Check if swap backing store is full
#   Decrease Java heap size (-Xmx/-Xms)
#   Decrease number of Java threads
#   Decrease Java thread stack sizes (-Xss)
#   Set larger code cache with -XX:ReservedCodeCacheSize=
#   JVM is running with Zero Based Compressed Oops mode in which the Java heap is
#     placed in the first 32GB address space. The Java Heap base address is the
#     maximum limit for the native heap growth. Please use -XX:HeapBaseMinAddress
#     to set the Java Heap base and to place the Java Heap above 32GB virtual address.
# This output file may be truncated or incomplete.
#
#  Out of Memory Error (arena.cpp:168), pid=35024, tid=27852
#
# JRE version: OpenJDK Runtime Environment (21.0.8) (build 21.0.8+-14196175-b1038.72)
# Java VM: OpenJDK 64-Bit Server VM (21.0.8+-14196175-b1038.72, mixed mode, tiered, compressed oops, compressed class ptrs, g1 gc, windows-amd64)
# No core dump will be written. Minidumps are not enabled by default on client versions of Windows
#

---------------  S U M M A R Y ------------

Command Line: --add-opens=java.base/java.lang=ALL-UNNAMED --add-opens=java.base/java.lang.invoke=ALL-UNNAMED --add-opens=java.base/java.util=ALL-UNNAMED --add-opens=java.prefs/java.util.prefs=ALL-UNNAMED --add-exports=jdk.compiler/com.sun.tools.javac.api=ALL-UNNAMED --add-exports=jdk.compiler/com.sun.tools.javac.util=ALL-UNNAMED --add-opens=java.base/java.util=ALL-UNNAMED --add-opens=java.prefs/java.util.prefs=ALL-UNNAMED --add-opens=java.base/java.nio.charset=ALL-UNNAMED --add-opens=java.base/java.net=ALL-UNNAMED --add-opens=java.base/java.util.concurrent.atomic=ALL-UNNAMED --add-opens=java.xml/javax.xml.namespace=ALL-UNNAMED -Xmx4096m -Dfile.encoding=UTF-8 -Duser.country=IN -Duser.language=en -Duser.variant -javaagent:C:\Users\HP\.gradle\wrapper\dists\gradle-8.13-bin\5xuhj0ry160q40clulazy9h7d\gradle-8.13\lib\agents\gradle-instrumentation-agent-8.13.jar org.gradle.launcher.daemon.bootstrap.GradleDaemon 8.13

Host: AMD Ryzen 5 5600H with Radeon Graphics         , 12 cores, 7G,  Windows 11 , 64 bit Build 26100 (10.0.26100.8328)
Time: Mon Jun  1 00:54:57 2026 India Standard Time elapsed time: 11.291959 seconds (0d 0h 0m 11s)

---------------  T H R E A D  ---------------

Current thread (0x0000019d1e269e00):  JavaThread "C2 CompilerThread0" daemon [_thread_in_native, id=27852, stack(0x0000001d0d700000,0x0000001d0d800000) (1024K)]


Current CompileTask:
C2:11292 5569   !   4       jdk.internal.loader.Resource::getBytes (244 bytes)

Stack: [0x0000001d0d700000,0x0000001d0d800000]
Native frames: (J=compiled Java code, j=interpreted, Vv=VM code, C=native code)
V  [jvm.dll+0x6d68d9]
V  [jvm.dll+0x866693]
V  [jvm.dll+0x868c4e]
V  [jvm.dll+0x869333]
V  [jvm.dll+0x280566]
V  [jvm.dll+0xc07cd]
V  [jvm.dll+0xc0d03]
V  [jvm.dll+0x3b95e1]
V  [jvm.dll+0x385507]
V  [jvm.dll+0x38497a]
V  [jvm.dll+0x249252]
V  [jvm.dll+0x248821]
V  [jvm.dll+0x1c73a4]
V  [jvm.dll+0x257f9e]
V  [jvm.dll+0x2564e6]
V  [jvm.dll+0x3f4696]
V  [jvm.dll+0x80eac8]
V  [jvm.dll+0x6d512d]
C  [ucrtbase.dll+0x37b0]
C  [KERNEL32.DLL+0x2e957]
C  [ntdll.dll+0x427c]


---------------  P R O C E S S  ---------------

Threads class SMR info:
_java_thread_list=0x0000019d269e67d0, length=44, elements={
0x0000019d019227b0, 0x0000019d1e22edd0, 0x0000019d1e241170, 0x0000019d1e241bd0,
0x0000019d1e256d90, 0x0000019d1e264020, 0x0000019d1e267600, 0x0000019d1e268060,
0x0000019d1e269e00, 0x0000019d1e278b20, 0x0000019d1e5b9900, 0x0000019d246bbe00,
0x0000019d246635d0, 0x0000019d24858f60, 0x0000019d248974e0, 0x0000019d24897f60,
0x0000019d249ddde0, 0x0000019d249e0b40, 0x0000019d24a0a2b0, 0x0000019d24a0b660,
0x0000019d24a09c20, 0x0000019d24a0bcf0, 0x0000019d24a0c380, 0x0000019d24a0ca10,
0x0000019d24a09590, 0x0000019d24a0a940, 0x0000019d24dad4c0, 0x0000019d24dac110,
0x0000019d24dae870, 0x0000019d24dab3f0, 0x0000019d24dac7a0, 0x0000019d24db02b0,
0x0000019d24db0fd0, 0x0000019d24daef00, 0x0000019d24dae1e0, 0x0000019d24daf590,
0x0000019d24dadb50, 0x0000019d24db1660, 0x0000019d24db1cf0, 0x0000019d24dafc20,
0x0000019d24db2380, 0x0000019d24db2a10, 0x0000019d26fef5c0, 0x0000019d24a6a610
}

Java Threads: ( => current thread )
  0x0000019d019227b0 JavaThread "main"                              [_thread_blocked, id=27316, stack(0x0000001d0c700000,0x0000001d0c800000) (1024K)]
  0x0000019d1e22edd0 JavaThread "Common-Cleaner"             daemon [_thread_blocked, id=29632, stack(0x0000001d0d000000,0x0000001d0d100000) (1024K)]
  0x0000019d1e241170 JavaThread "Reference Handler"          daemon [_thread_blocked, id=15352, stack(0x0000001d0d100000,0x0000001d0d200000) (1024K)]
  0x0000019d1e241bd0 JavaThread "Finalizer"                  daemon [_thread_blocked, id=37816, stack(0x0000001d0d200000,0x0000001d0d300000) (1024K)]
  0x0000019d1e256d90 JavaThread "Signal Dispatcher"          daemon [_thread_blocked, id=34628, stack(0x0000001d0d300000,0x0000001d0d400000) (1024K)]
  0x0000019d1e264020 JavaThread "Attach Listener"            daemon [_thread_blocked, id=14448, stack(0x0000001d0d400000,0x0000001d0d500000) (1024K)]
  0x0000019d1e267600 JavaThread "Service Thread"             daemon [_thread_blocked, id=33292, stack(0x0000001d0d500000,0x0000001d0d600000) (1024K)]
  0x0000019d1e268060 JavaThread "Monitor Deflation Thread"   daemon [_thread_blocked, id=14776, stack(0x0000001d0d600000,0x0000001d0d700000) (1024K)]
=>0x0000019d1e269e00 JavaThread "C2 CompilerThread0"         daemon [_thread_in_native, id=27852, stack(0x0000001d0d700000,0x0000001d0d800000) (1024K)]
  0x0000019d1e278b20 JavaThread "C1 CompilerThread0"         daemon [_thread_blocked, id=32764, stack(0x0000001d0d800000,0x0000001d0d900000) (1024K)]
  0x0000019d1e5b9900 JavaThread "Notification Thread"        daemon [_thread_blocked, id=10176, stack(0x0000001d0d900000,0x0000001d0da00000) (1024K)]
  0x0000019d246bbe00 JavaThread "Daemon health stats"               [_thread_blocked, id=15652, stack(0x0000001d0de00000,0x0000001d0df00000) (1024K)]
  0x0000019d246635d0 JavaThread "Incoming local TCP Connector on port 53127"        [_thread_in_native, id=37180, stack(0x0000001d0df00000,0x0000001d0e000000) (1024K)]
  0x0000019d24858f60 JavaThread "Daemon periodic checks"            [_thread_blocked, id=22320, stack(0x0000001d0e500000,0x0000001d0e600000) (1024K)]
  0x0000019d248974e0 JavaThread "Daemon"                            [_thread_blocked, id=18912, stack(0x0000001d0e600000,0x0000001d0e700000) (1024K)]
  0x0000019d24897f60 JavaThread "Handler for socket connection from /127.0.0.1:53127 to /127.0.0.1:53129"        [_thread_in_native, id=31232, stack(0x0000001d0e700000,0x0000001d0e800000) (1024K)]
  0x0000019d249ddde0 JavaThread "Cancel handler"                    [_thread_blocked, id=37808, stack(0x0000001d0e800000,0x0000001d0e900000) (1024K)]
  0x0000019d249e0b40 JavaThread "Daemon worker"                     [_thread_in_Java, id=36896, stack(0x0000001d0e900000,0x0000001d0ea00000) (1024K)]
  0x0000019d24a0a2b0 JavaThread "Asynchronous log dispatcher for DefaultDaemonConnection: socket connection from /127.0.0.1:53127 to /127.0.0.1:53129"        [_thread_blocked, id=3268, stack(0x0000001d0ea00000,0x0000001d0eb00000) (1024K)]
  0x0000019d24a0b660 JavaThread "Stdin handler"                     [_thread_blocked, id=36972, stack(0x0000001d0eb00000,0x0000001d0ec00000) (1024K)]
  0x0000019d24a09c20 JavaThread "Daemon client event forwarder"        [_thread_blocked, id=36448, stack(0x0000001d0ec00000,0x0000001d0ed00000) (1024K)]
  0x0000019d24a0bcf0 JavaThread "Cache worker for journal cache (C:\Users\HP\.gradle\caches\journal-1)"        [_thread_blocked, id=13472, stack(0x0000001d0ef00000,0x0000001d0f000000) (1024K)]
  0x0000019d24a0c380 JavaThread "File lock request listener"        [_thread_in_native, id=23948, stack(0x0000001d0f000000,0x0000001d0f100000) (1024K)]
  0x0000019d24a0ca10 JavaThread "Cache worker for file hash cache (C:\Users\HP\.gradle\caches\8.13\fileHashes)"        [_thread_blocked, id=28704, stack(0x0000001d0f100000,0x0000001d0f200000) (1024K)]
  0x0000019d24a09590 JavaThread "Cache worker for file hash cache (C:\Users\HP\Documents\Application_developement\Doctor_patient\SafeRouteAi\.gradle\8.13\fileHashes)"        [_thread_blocked, id=31456, stack(0x0000001d0f200000,0x0000001d0f300000) (1024K)]
  0x0000019d24a0a940 JavaThread "Cache worker for Build Output Cleanup Cache (C:\Users\HP\Documents\Application_developement\Doctor_patient\SafeRouteAi\.gradle\buildOutputCleanup)"        [_thread_blocked, id=8872, stack(0x0000001d0f300000,0x0000001d0f400000) (1024K)]
  0x0000019d24dad4c0 JavaThread "File watcher server"        daemon [_thread_in_native, id=10120, stack(0x0000001d0f400000,0x0000001d0f500000) (1024K)]
  0x0000019d24dac110 JavaThread "File watcher consumer"      daemon [_thread_blocked, id=6712, stack(0x0000001d0f500000,0x0000001d0f600000) (1024K)]
  0x0000019d24dae870 JavaThread "jar transforms"                    [_thread_blocked, id=36872, stack(0x0000001d0f600000,0x0000001d0f700000) (1024K)]
  0x0000019d24dab3f0 JavaThread "jar transforms Thread 2"           [_thread_blocked, id=36676, stack(0x0000001d0f700000,0x0000001d0f800000) (1024K)]
  0x0000019d24dac7a0 JavaThread "Cache worker for checksums cache (C:\Users\HP\Documents\Application_developement\Doctor_patient\SafeRouteAi\.gradle\8.13\checksums)"        [_thread_blocked, id=34948, stack(0x0000001d0f800000,0x0000001d0f900000) (1024K)]
  0x0000019d24db02b0 JavaThread "Cache worker for file content cache (C:\Users\HP\.gradle\caches\8.13\fileContent)"        [_thread_blocked, id=37168, stack(0x0000001d0f900000,0x0000001d0fa00000) (1024K)]
  0x0000019d24db0fd0 JavaThread "jar transforms Thread 3"           [_thread_blocked, id=35924, stack(0x0000001d0fa00000,0x0000001d0fb00000) (1024K)]
  0x0000019d24daef00 JavaThread "Cache worker for cache directory md-supplier (C:\Users\HP\.gradle\caches\8.13\md-supplier)"        [_thread_blocked, id=34372, stack(0x0000001d0fb00000,0x0000001d0fc00000) (1024K)]
  0x0000019d24dae1e0 JavaThread "Cache worker for cache directory md-rule (C:\Users\HP\.gradle\caches\8.13\md-rule)"        [_thread_blocked, id=37504, stack(0x0000001d0fc00000,0x0000001d0fd00000) (1024K)]
  0x0000019d24daf590 JavaThread "Unconstrained build operations"        [_thread_blocked, id=38064, stack(0x0000001d0fd00000,0x0000001d0fe00000) (1024K)]
  0x0000019d24dadb50 JavaThread "Unconstrained build operations Thread 2"        [_thread_blocked, id=38084, stack(0x0000001d0fe00000,0x0000001d0ff00000) (1024K)]
  0x0000019d24db1660 JavaThread "jar transforms Thread 4"           [_thread_blocked, id=38132, stack(0x0000001d0ff00000,0x0000001d10000000) (1024K)]
  0x0000019d24db1cf0 JavaThread "jar transforms Thread 5"           [_thread_blocked, id=38168, stack(0x0000001d10000000,0x0000001d10100000) (1024K)]
  0x0000019d24dafc20 JavaThread "Unconstrained build operations Thread 3"        [_thread_blocked, id=38172, stack(0x0000001d10100000,0x0000001d10200000) (1024K)]
  0x0000019d24db2380 JavaThread "jar transforms Thread 6"           [_thread_blocked, id=38176, stack(0x0000001d10200000,0x0000001d10300000) (1024K)]
  0x0000019d24db2a10 JavaThread "jar transforms Thread 7"           [_thread_blocked, id=38184, stack(0x0000001d10300000,0x0000001d10400000) (1024K)]
  0x0000019d26fef5c0 JavaThread "jar transforms Thread 8"           [_thread_blocked, id=38188, stack(0x0000001d10400000,0x0000001d10500000) (1024K)]
  0x0000019d24a6a610 JavaThread "C2 CompilerThread1"         daemon [_thread_in_native, id=38268, stack(0x0000001d10500000,0x0000001d10600000) (1024K)]
Total: 44

Other Threads:
  0x0000019d1db10cf0 VMThread "VM Thread"                           [id=33876, stack(0x0000001d0cf00000,0x0000001d0d000000) (1024K)]
  0x0000019d1dac7be0 WatcherThread "VM Periodic Task Thread"        [id=36044, stack(0x0000001d0ce00000,0x0000001d0cf00000) (1024K)]
  0x0000019d03de5c60 WorkerThread "GC Thread#0"                     [id=22584, stack(0x0000001d0c900000,0x0000001d0ca00000) (1024K)]
  0x0000019d231646c0 WorkerThread "GC Thread#1"                     [id=37420, stack(0x0000001d0da00000,0x0000001d0db00000) (1024K)]
  0x0000019d2336a450 WorkerThread "GC Thread#2"                     [id=4384, stack(0x0000001d0db00000,0x0000001d0dc00000) (1024K)]
  0x0000019d23e22af0 WorkerThread "GC Thread#3"                     [id=36508, stack(0x0000001d0dc00000,0x0000001d0dd00000) (1024K)]
  0x0000019d23994330 WorkerThread "GC Thread#4"                     [id=26772, stack(0x0000001d0dd00000,0x0000001d0de00000) (1024K)]
  0x0000019d248d89c0 WorkerThread "GC Thread#5"                     [id=20296, stack(0x0000001d0e000000,0x0000001d0e100000) (1024K)]
  0x0000019d24859be0 WorkerThread "GC Thread#6"                     [id=34292, stack(0x0000001d0e100000,0x0000001d0e200000) (1024K)]
  0x0000019d248d9520 WorkerThread "GC Thread#7"                     [id=10612, stack(0x0000001d0e200000,0x0000001d0e300000) (1024K)]
  0x0000019d248d98c0 WorkerThread "GC Thread#8"                     [id=34196, stack(0x0000001d0e300000,0x0000001d0e400000) (1024K)]
  0x0000019d24a39150 WorkerThread "GC Thread#9"                     [id=16992, stack(0x0000001d0e400000,0x0000001d0e500000) (1024K)]
  0x0000019d03df6b50 ConcurrentGCThread "G1 Main Marker"            [id=35896, stack(0x0000001d0ca00000,0x0000001d0cb00000) (1024K)]
  0x0000019d03df7560 WorkerThread "G1 Conc#0"                       [id=36636, stack(0x0000001d0cb00000,0x0000001d0cc00000) (1024K)]
  0x0000019d2490b7d0 WorkerThread "G1 Conc#1"                       [id=29336, stack(0x0000001d0ed00000,0x0000001d0ee00000) (1024K)]
  0x0000019d2490a5b0 WorkerThread "G1 Conc#2"                       [id=12636, stack(0x0000001d0ee00000,0x0000001d0ef00000) (1024K)]
  0x0000019d1d998fc0 ConcurrentGCThread "G1 Refine#0"               [id=27856, stack(0x0000001d0cc00000,0x0000001d0cd00000) (1024K)]
  0x0000019d1d9997e0 ConcurrentGCThread "G1 Service"                [id=36944, stack(0x0000001d0cd00000,0x0000001d0ce00000) (1024K)]
Total: 18

Threads with active compile tasks:
C2 CompilerThread0  11320 5569   !   4       jdk.internal.loader.Resource::getBytes (244 bytes)
C2 CompilerThread1  11320 5596       4       org.gradle.internal.reflect.MethodSet$MethodKey::hashCode (29 bytes)
Total: 2

VM state: not at safepoint (normal execution)

VM Mutex/Monitor currently owned by a thread: None

Heap address: 0x0000000700000000, size: 4096 MB, Compressed Oops mode: Zero based, Oop shift amount: 3

CDS archive(s) not mapped
Compressed class space mapped at: 0x0000000800000000-0x0000000840000000, reserved size: 1073741824
Narrow klass base: 0x0000000800000000, Narrow klass shift: 0, Narrow klass range: 0x40000000

GC Precious Log:
 CardTable entry size: 512
 Card Set container configuration: InlinePtr #cards 4 size 8 Array Of Cards #cards 16 size 48 Howl #buckets 8 coarsen threshold 3686 Howl Bitmap #cards 512 size 80 coarsen threshold 460 Card regions per heap region 1 cards per card region 4096
 CPUs: 12 total, 12 available
 Memory: 7521M
 Large Page Support: Disabled
 NUMA Support: Disabled
 Compressed Oops: Enabled (Zero based)
 Heap Region Size: 2M
 Heap Min Capacity: 8M
 Heap Initial Capacity: 118M
 Heap Max Capacity: 4G
 Pre-touch: Disabled
 Parallel Workers: 10
 Concurrent Workers: 3
 Concurrent Refinement Workers: 10
 Periodic GC: Disabled

Heap:
 garbage-first heap   total 92160K, used 65671K [0x0000000700000000, 0x0000000800000000)
  region size 2048K, 17 young (34816K), 3 survivors (6144K)
 Metaspace       used 56331K, committed 57792K, reserved 1114112K
  class space    used 7899K, committed 8576K, reserved 1048576K

Heap Regions: E=young(eden), S=young(survivor), O=old, HS=humongous(starts), HC=humongous(continues), CS=collection set, F=free, TAMS=top-at-mark-start, PB=parsable bottom
|   0|0x0000000700000000, 0x0000000700200000, 0x0000000700200000|100%|HS|  |TAMS 0x0000000700000000| PB 0x0000000700000000| Complete 
|   1|0x0000000700200000, 0x0000000700400000, 0x0000000700400000|100%|HC|  |TAMS 0x0000000700200000| PB 0x0000000700200000| Complete 
|   2|0x0000000700400000, 0x0000000700600000, 0x0000000700600000|100%| O|  |TAMS 0x0000000700400000| PB 0x0000000700400000| Untracked 
|   3|0x0000000700600000, 0x0000000700800000, 0x0000000700800000|100%| O|  |TAMS 0x0000000700600000| PB 0x0000000700600000| Untracked 
|   4|0x0000000700800000, 0x0000000700a00000, 0x0000000700a00000|100%| O|  |TAMS 0x0000000700800000| PB 0x0000000700800000| Untracked 
|   5|0x0000000700a00000, 0x0000000700c00000, 0x0000000700c00000|100%| O|  |TAMS 0x0000000700a00000| PB 0x0000000700a00000| Untracked 
|   6|0x0000000700c00000, 0x0000000700e00000, 0x0000000700e00000|100%| O|  |TAMS 0x0000000700c00000| PB 0x0000000700c00000| Untracked 
|   7|0x0000000700e00000, 0x0000000701000000, 0x0000000701000000|100%| O|  |TAMS 0x0000000700e00000| PB 0x0000000700e00000| Untracked 
|   8|0x0000000701000000, 0x0000000701200000, 0x0000000701200000|100%| O|  |TAMS 0x0000000701000000| PB 0x0000000701000000| Untracked 
|   9|0x0000000701200000, 0x0000000701400000, 0x0000000701400000|100%| O|  |TAMS 0x0000000701200000| PB 0x0000000701200000| Untracked 
|  10|0x0000000701400000, 0x0000000701600000, 0x0000000701600000|100%| O|  |TAMS 0x0000000701400000| PB 0x0000000701400000| Untracked 
|  11|0x0000000701600000, 0x0000000701800000, 0x0000000701800000|100%| O|  |TAMS 0x0000000701600000| PB 0x0000000701600000| Untracked 
|  12|0x0000000701800000, 0x0000000701a00000, 0x0000000701a00000|100%| O|  |TAMS 0x0000000701800000| PB 0x0000000701800000| Untracked 
|  13|0x0000000701a00000, 0x0000000701b41738, 0x0000000701c00000| 62%| O|  |TAMS 0x0000000701a00000| PB 0x0000000701a00000| Untracked 
|  14|0x0000000701c00000, 0x0000000701e00000, 0x0000000701e00000|100%|HS|  |TAMS 0x0000000701c00000| PB 0x0000000701c00000| Complete 
|  15|0x0000000701e00000, 0x0000000701e00000, 0x0000000702000000|  0%| F|  |TAMS 0x0000000701e00000| PB 0x0000000701e00000| Untracked 
|  16|0x0000000702000000, 0x0000000702200000, 0x0000000702200000|100%| O|  |TAMS 0x0000000702000000| PB 0x0000000702000000| Untracked 
|  17|0x0000000702200000, 0x0000000702400000, 0x0000000702400000|100%| O|  |TAMS 0x0000000702200000| PB 0x0000000702200000| Untracked 
|  18|0x0000000702400000, 0x0000000702400000, 0x0000000702600000|  0%| F|  |TAMS 0x0000000702400000| PB 0x0000000702400000| Untracked 
|  19|0x0000000702600000, 0x0000000702600000, 0x0000000702800000|  0%| F|  |TAMS 0x0000000702600000| PB 0x0000000702600000| Untracked 
|  20|0x0000000702800000, 0x0000000702800000, 0x0000000702a00000|  0%| F|  |TAMS 0x0000000702800000| PB 0x0000000702800000| Untracked 
|  21|0x0000000702a00000, 0x0000000702ae05e0, 0x0000000702c00000| 43%| S|CS|TAMS 0x0000000702a00000| PB 0x0000000702a00000| Complete 
|  22|0x0000000702c00000, 0x0000000702e00000, 0x0000000702e00000|100%| S|CS|TAMS 0x0000000702c00000| PB 0x0000000702c00000| Complete 
|  23|0x0000000702e00000, 0x0000000703000000, 0x0000000703000000|100%| S|CS|TAMS 0x0000000702e00000| PB 0x0000000702e00000| Complete 
|  24|0x0000000703000000, 0x0000000703000000, 0x0000000703200000|  0%| F|  |TAMS 0x0000000703000000| PB 0x0000000703000000| Untracked 
|  25|0x0000000703200000, 0x0000000703200000, 0x0000000703400000|  0%| F|  |TAMS 0x0000000703200000| PB 0x0000000703200000| Untracked 
|  26|0x0000000703400000, 0x0000000703400000, 0x0000000703600000|  0%| F|  |TAMS 0x0000000703400000| PB 0x0000000703400000| Untracked 
|  27|0x0000000703600000, 0x0000000703600000, 0x0000000703800000|  0%| F|  |TAMS 0x0000000703600000| PB 0x0000000703600000| Untracked 
|  28|0x0000000703800000, 0x0000000703800000, 0x0000000703a00000|  0%| F|  |TAMS 0x0000000703800000| PB 0x0000000703800000| Untracked 
|  29|0x0000000703a00000, 0x0000000703a00000, 0x0000000703c00000|  0%| F|  |TAMS 0x0000000703a00000| PB 0x0000000703a00000| Untracked 
|  30|0x0000000703c00000, 0x0000000703c00000, 0x0000000703e00000|  0%| F|  |TAMS 0x0000000703c00000| PB 0x0000000703c00000| Untracked 
|  31|0x0000000703e00000, 0x0000000703eca178, 0x0000000704000000| 39%| E|  |TAMS 0x0000000703e00000| PB 0x0000000703e00000| Complete 
|  32|0x0000000704000000, 0x0000000704200000, 0x0000000704200000|100%| E|CS|TAMS 0x0000000704000000| PB 0x0000000704000000| Complete 
|  33|0x0000000704200000, 0x0000000704400000, 0x0000000704400000|100%| E|CS|TAMS 0x0000000704200000| PB 0x0000000704200000| Complete 
|  34|0x0000000704400000, 0x0000000704600000, 0x0000000704600000|100%| E|CS|TAMS 0x0000000704400000| PB 0x0000000704400000| Complete 
|  35|0x0000000704600000, 0x0000000704800000, 0x0000000704800000|100%| E|CS|TAMS 0x0000000704600000| PB 0x0000000704600000| Complete 
|  36|0x0000000704800000, 0x0000000704a00000, 0x0000000704a00000|100%| E|CS|TAMS 0x0000000704800000| PB 0x0000000704800000| Complete 
|  37|0x0000000704a00000, 0x0000000704c00000, 0x0000000704c00000|100%| E|CS|TAMS 0x0000000704a00000| PB 0x0000000704a00000| Complete 
|  38|0x0000000704c00000, 0x0000000704e00000, 0x0000000704e00000|100%| E|CS|TAMS 0x0000000704c00000| PB 0x0000000704c00000| Complete 
|  39|0x0000000704e00000, 0x0000000705000000, 0x0000000705000000|100%| E|CS|TAMS 0x0000000704e00000| PB 0x0000000704e00000| Complete 
|  40|0x0000000705000000, 0x0000000705200000, 0x0000000705200000|100%| E|CS|TAMS 0x0000000705000000| PB 0x0000000705000000| Complete 
|  41|0x0000000705200000, 0x0000000705400000, 0x0000000705400000|100%| E|CS|TAMS 0x0000000705200000| PB 0x0000000705200000| Complete 
|  42|0x0000000705400000, 0x0000000705600000, 0x0000000705600000|100%| E|CS|TAMS 0x0000000705400000| PB 0x0000000705400000| Complete 
|  52|0x0000000706800000, 0x0000000706a00000, 0x0000000706a00000|100%| E|CS|TAMS 0x0000000706800000| PB 0x0000000706800000| Complete 
|  58|0x0000000707400000, 0x0000000707600000, 0x0000000707600000|100%| E|CS|TAMS 0x0000000707400000| PB 0x0000000707400000| Complete 

Card table byte_map: [0x0000019d16bf0000,0x0000019d173f0000] _byte_map_base: 0x0000019d133f0000

Marking Bits: (CMBitMap*) 0x0000019d03de6270
 Bits: [0x0000019d173f0000, 0x0000019d1b3f0000)

Polling page: 0x0000019d01d90000

Metaspace:

Usage:
  Non-class:     47.30 MB used.
      Class:      7.72 MB used.
       Both:     55.02 MB used.

Virtual space:
  Non-class space:       64.00 MB reserved,      48.06 MB ( 75%) committed,  1 nodes.
      Class space:        1.00 GB reserved,       8.38 MB ( <1%) committed,  1 nodes.
             Both:        1.06 GB reserved,      56.44 MB (  5%) committed. 

Chunk freelists:
   Non-Class:  15.27 MB
       Class:  7.54 MB
        Both:  22.80 MB

MaxMetaspaceSize: unlimited
CompressedClassSpaceSize: 1.00 GB
Initial GC threshold: 21.00 MB
Current GC threshold: 58.75 MB
CDS: off
 - commit_granule_bytes: 65536.
 - commit_granule_words: 8192.
 - virtual_space_node_default_size: 8388608.
 - enlarge_chunks_in_place: 1.
 - use_allocation_guard: 0.


Internal statistics:

num_allocs_failed_limit: 6.
num_arena_births: 2682.
num_arena_deaths: 0.
num_vsnodes_births: 2.
num_vsnodes_deaths: 0.
num_space_committed: 903.
num_space_uncommitted: 0.
num_chunks_returned_to_freelist: 6.
num_chunks_taken_from_freelist: 4886.
num_chunk_merges: 6.
num_chunk_splits: 3170.
num_chunks_enlarged: 1900.
num_inconsistent_stats: 0.

CodeHeap 'non-profiled nmethods': size=120000Kb used=2693Kb max_used=2693Kb free=117306Kb
 bounds [0x0000019d0e970000, 0x0000019d0ec20000, 0x0000019d15ea0000]
CodeHeap 'profiled nmethods': size=120000Kb used=9946Kb max_used=9946Kb free=110053Kb
 bounds [0x0000019d06ea0000, 0x0000019d07860000, 0x0000019d0e3d0000]
CodeHeap 'non-nmethods': size=5760Kb used=2692Kb max_used=2720Kb free=3067Kb
 bounds [0x0000019d0e3d0000, 0x0000019d0e680000, 0x0000019d0e970000]
CodeCache: size=245760Kb, used=15331Kb, max_used=15359Kb, free=230426Kb
 total_blobs=6050, nmethods=5205, adapters=749, full_count=0
Compilation: enabled, stopped_count=0, restarted_count=0

Compilation events (20 events):
Event: 10.249 Thread 0x0000019d1e278b20 5576       3       org.gradle.internal.service.DefaultServiceRegistry::get (44 bytes)
Event: 10.249 Thread 0x0000019d1e278b20 nmethod 5576 0x0000019d07842090 code [0x0000019d078423c0, 0x0000019d078435d8]
Event: 10.249 Thread 0x0000019d1e278b20 5577       3       org.gradle.internal.event.AbstractBroadcastDispatch::<init> (10 bytes)
Event: 10.249 Thread 0x0000019d1e278b20 nmethod 5577 0x0000019d07843c10 code [0x0000019d07843dc0, 0x0000019d07843f80]
Event: 10.265 Thread 0x0000019d1e278b20 5579       3       java.util.concurrent.atomic.AtomicLong::getAndIncrement (12 bytes)
Event: 10.265 Thread 0x0000019d1e278b20 nmethod 5579 0x0000019d07844090 code [0x0000019d07844220, 0x0000019d07844340]
Event: 10.265 Thread 0x0000019d1e278b20 5580       3       java.lang.reflect.ProxyGenerator::addProxyMethod (190 bytes)
Event: 10.265 Thread 0x0000019d1e278b20 nmethod 5580 0x0000019d07844410 code [0x0000019d07844760, 0x0000019d07845ba0]
Event: 10.265 Thread 0x0000019d1e278b20 5581       3       java.lang.reflect.ProxyGenerator::collectCompatibleTypes (93 bytes)
Event: 10.266 Thread 0x0000019d1e278b20 nmethod 5581 0x0000019d07846310 code [0x0000019d07846500, 0x0000019d078469f8]
Event: 10.279 Thread 0x0000019d1e278b20 5582       3       sun.reflect.generics.tree.MethodTypeSignature::<init> (26 bytes)
Event: 10.280 Thread 0x0000019d1e278b20 nmethod 5582 0x0000019d07846c90 code [0x0000019d07846e40, 0x0000019d07847138]
Event: 10.280 Thread 0x0000019d1e278b20 5583       3       groovyjarjarasm.asm.SymbolTable::hash (10 bytes)
Event: 10.280 Thread 0x0000019d1e278b20 nmethod 5583 0x0000019d07847210 code [0x0000019d078473c0, 0x0000019d078474f0]
Event: 10.281 Thread 0x0000019d1e278b20 5584       3       groovyjarjarasm.asm.ByteVector::putByte (39 bytes)
Event: 10.281 Thread 0x0000019d1e278b20 nmethod 5584 0x0000019d07847610 code [0x0000019d078477c0, 0x0000019d078479a8]
Event: 10.281 Thread 0x0000019d1e278b20 5585       3       groovyjarjarasm.asm.Frame::merge (322 bytes)
Event: 10.281 Thread 0x0000019d1e278b20 nmethod 5585 0x0000019d07847b10 code [0x0000019d07847d40, 0x0000019d07848600]
Event: 10.291 Thread 0x0000019d1e278b20 5586       3       org.gradle.internal.serialize.kryo.KryoBackedEncoder::writeString (23 bytes)
Event: 11.288 Thread 0x0000019d1e278b20 nmethod 5586 0x0000019d07848810 code [0x0000019d078489e0, 0x0000019d07848c40]

GC Heap History (20 events):
Event: 3.162 GC heap before
{Heap before GC invocations=1 (full 0):
 garbage-first heap   total 120832K, used 48720K [0x0000000700000000, 0x0000000800000000)
  region size 2048K, 23 young (47104K), 1 survivors (2048K)
 Metaspace       used 12375K, committed 12544K, reserved 1114112K
  class space    used 1348K, committed 1408K, reserved 1048576K
}
Event: 3.173 GC heap after
{Heap after GC invocations=2 (full 0):
 garbage-first heap   total 120832K, used 12221K [0x0000000700000000, 0x0000000800000000)
  region size 2048K, 3 young (6144K), 3 survivors (6144K)
 Metaspace       used 12375K, committed 12544K, reserved 1114112K
  class space    used 1348K, committed 1408K, reserved 1048576K
}
Event: 4.381 GC heap before
{Heap before GC invocations=2 (full 0):
 garbage-first heap   total 120832K, used 63421K [0x0000000700000000, 0x0000000800000000)
  region size 2048K, 29 young (59392K), 3 survivors (6144K)
 Metaspace       used 19134K, committed 19456K, reserved 1114112K
  class space    used 2236K, committed 2368K, reserved 1048576K
}
Event: 4.389 GC heap after
{Heap after GC invocations=3 (full 0):
 garbage-first heap   total 120832K, used 19770K [0x0000000700000000, 0x0000000800000000)
  region size 2048K, 4 young (8192K), 4 survivors (8192K)
 Metaspace       used 19134K, committed 19456K, reserved 1114112K
  class space    used 2236K, committed 2368K, reserved 1048576K
}
Event: 4.573 GC heap before
{Heap before GC invocations=3 (full 0):
 garbage-first heap   total 120832K, used 30010K [0x0000000700000000, 0x0000000800000000)
  region size 2048K, 10 young (20480K), 4 survivors (8192K)
 Metaspace       used 21221K, committed 21504K, reserved 1114112K
  class space    used 2539K, committed 2688K, reserved 1048576K
}
Event: 4.578 GC heap after
{Heap after GC invocations=4 (full 0):
 garbage-first heap   total 120832K, used 20847K [0x0000000700000000, 0x0000000800000000)
  region size 2048K, 1 young (2048K), 1 survivors (2048K)
 Metaspace       used 21221K, committed 21504K, reserved 1114112K
  class space    used 2539K, committed 2688K, reserved 1048576K
}
Event: 5.272 GC heap before
{Heap before GC invocations=5 (full 0):
 garbage-first heap   total 75776K, used 63855K [0x0000000700000000, 0x0000000800000000)
  region size 2048K, 22 young (45056K), 1 survivors (2048K)
 Metaspace       used 28490K, committed 28992K, reserved 1114112K
  class space    used 3700K, committed 3904K, reserved 1048576K
}
Event: 5.275 GC heap after
{Heap after GC invocations=6 (full 0):
 garbage-first heap   total 75776K, used 22712K [0x0000000700000000, 0x0000000800000000)
  region size 2048K, 2 young (4096K), 2 survivors (4096K)
 Metaspace       used 28490K, committed 28992K, reserved 1114112K
  class space    used 3700K, committed 3904K, reserved 1048576K
}
Event: 5.843 GC heap before
{Heap before GC invocations=6 (full 0):
 garbage-first heap   total 75776K, used 59576K [0x0000000700000000, 0x0000000800000000)
  region size 2048K, 21 young (43008K), 2 survivors (4096K)
 Metaspace       used 33611K, committed 34368K, reserved 1114112K
  class space    used 4620K, committed 4928K, reserved 1048576K
}
Event: 5.848 GC heap after
{Heap after GC invocations=7 (full 0):
 garbage-first heap   total 75776K, used 25514K [0x0000000700000000, 0x0000000800000000)
  region size 2048K, 3 young (6144K), 3 survivors (6144K)
 Metaspace       used 33611K, committed 34368K, reserved 1114112K
  class space    used 4620K, committed 4928K, reserved 1048576K
}
Event: 6.006 GC heap before
{Heap before GC invocations=7 (full 0):
 garbage-first heap   total 75776K, used 35754K [0x0000000700000000, 0x0000000800000000)
  region size 2048K, 9 young (18432K), 3 survivors (6144K)
 Metaspace       used 35220K, committed 35968K, reserved 1114112K
  class space    used 4885K, committed 5248K, reserved 1048576K
}
Event: 6.010 GC heap after
{Heap after GC invocations=8 (full 0):
 garbage-first heap   total 75776K, used 25893K [0x0000000700000000, 0x0000000800000000)
  region size 2048K, 2 young (4096K), 2 survivors (4096K)
 Metaspace       used 35220K, committed 35968K, reserved 1114112K
  class space    used 4885K, committed 5248K, reserved 1048576K
}
Event: 6.896 GC heap before
{Heap before GC invocations=9 (full 0):
 garbage-first heap   total 75776K, used 62757K [0x0000000700000000, 0x0000000800000000)
  region size 2048K, 21 young (43008K), 2 survivors (4096K)
 Metaspace       used 42998K, committed 43968K, reserved 1114112K
  class space    used 5943K, committed 6400K, reserved 1048576K
}
Event: 6.915 GC heap after
{Heap after GC invocations=10 (full 0):
 garbage-first heap   total 75776K, used 30397K [0x0000000700000000, 0x0000000800000000)
  region size 2048K, 3 young (6144K), 3 survivors (6144K)
 Metaspace       used 42998K, committed 43968K, reserved 1114112K
  class space    used 5943K, committed 6400K, reserved 1048576K
}
Event: 7.176 GC heap before
{Heap before GC invocations=10 (full 0):
 garbage-first heap   total 75776K, used 61117K [0x0000000700000000, 0x0000000800000000)
  region size 2048K, 18 young (36864K), 3 survivors (6144K)
 Metaspace       used 44647K, committed 45568K, reserved 1114112K
  class space    used 6122K, committed 6528K, reserved 1048576K
}
Event: 7.181 GC heap after
{Heap after GC invocations=11 (full 0):
 garbage-first heap   total 75776K, used 32570K [0x0000000700000000, 0x0000000800000000)
  region size 2048K, 2 young (4096K), 2 survivors (4096K)
 Metaspace       used 44647K, committed 45568K, reserved 1114112K
  class space    used 6122K, committed 6528K, reserved 1048576K
}
Event: 7.839 GC heap before
{Heap before GC invocations=11 (full 0):
 garbage-first heap   total 75776K, used 67386K [0x0000000700000000, 0x0000000800000000)
  region size 2048K, 17 young (34816K), 2 survivors (4096K)
 Metaspace       used 48677K, committed 49792K, reserved 1114112K
  class space    used 6644K, committed 7168K, reserved 1048576K
}
Event: 7.842 GC heap after
{Heap after GC invocations=12 (full 0):
 garbage-first heap   total 92160K, used 34450K [0x0000000700000000, 0x0000000800000000)
  region size 2048K, 3 young (6144K), 3 survivors (6144K)
 Metaspace       used 48677K, committed 49792K, reserved 1114112K
  class space    used 6644K, committed 7168K, reserved 1048576K
}
Event: 8.945 GC heap before
{Heap before GC invocations=12 (full 0):
 garbage-first heap   total 92160K, used 77458K [0x0000000700000000, 0x0000000800000000)
  region size 2048K, 24 young (49152K), 3 survivors (6144K)
 Metaspace       used 54181K, committed 55616K, reserved 1114112K
  class space    used 7553K, committed 8256K, reserved 1048576K
}
Event: 8.949 GC heap after
{Heap after GC invocations=13 (full 0):
 garbage-first heap   total 92160K, used 36999K [0x0000000700000000, 0x0000000800000000)
  region size 2048K, 3 young (6144K), 3 survivors (6144K)
 Metaspace       used 54181K, committed 55616K, reserved 1114112K
  class space    used 7553K, committed 8256K, reserved 1048576K
}

Dll operation events (3 events):
Event: 0.033 Loaded shared library C:\Program Files\Android\Android Studio1\jbr\bin\java.dll
Event: 0.064 Loaded shared library C:\Program Files\Android\Android Studio1\jbr\bin\zip.dll
Event: 1.505 Loaded shared library C:\Program Files\Android\Android Studio1\jbr\bin\verify.dll

Deoptimization events (20 events):
Event: 9.700 Thread 0x0000019d249e0b40 Uncommon trap: trap_request=0xffffff76 fr.pc=0x0000019d0ebaf5bc relative=0x000000000000027c
Event: 9.700 Thread 0x0000019d249e0b40 Uncommon trap: reason=predicate action=maybe_recompile pc=0x0000019d0ebaf5bc method=sun.instrument.TransformerManager.transform(Ljava/lang/Module;Ljava/lang/ClassLoader;Ljava/lang/String;Ljava/lang/Class;Ljava/security/ProtectionDomain;[B)[B @ 21 c2
Event: 9.700 Thread 0x0000019d249e0b40 DEOPT PACKING pc=0x0000019d0ebaf5bc sp=0x0000001d0e9f8900
Event: 9.700 Thread 0x0000019d249e0b40 DEOPT UNPACKING pc=0x0000019d0e4246a2 sp=0x0000001d0e9f87d0 mode 2
Event: 9.700 Thread 0x0000019d249e0b40 Uncommon trap: trap_request=0xffffff45 fr.pc=0x0000019d0ebb1208 relative=0x00000000000000e8
Event: 9.700 Thread 0x0000019d249e0b40 Uncommon trap: reason=unstable_if action=reinterpret pc=0x0000019d0ebb1208 method=org.gradle.internal.instrumentation.agent.DefaultClassFileTransformer.transform(Ljava/lang/ClassLoader;Ljava/lang/String;Ljava/lang/Class;Ljava/security/ProtectionDomain;[B)
Event: 9.700 Thread 0x0000019d249e0b40 DEOPT PACKING pc=0x0000019d0ebb1208 sp=0x0000001d0e9f8790
Event: 9.700 Thread 0x0000019d249e0b40 DEOPT UNPACKING pc=0x0000019d0e4246a2 sp=0x0000001d0e9f86a8 mode 2
Event: 9.977 Thread 0x0000019d249e0b40 DEOPT PACKING pc=0x0000019d06f9b7d9 sp=0x0000001d0e9f8b20
Event: 9.977 Thread 0x0000019d249e0b40 DEOPT UNPACKING pc=0x0000019d0e424e42 sp=0x0000001d0e9f7fa8 mode 0
Event: 10.000 Thread 0x0000019d249e0b40 Uncommon trap: trap_request=0xffffff76 fr.pc=0x0000019d0ebada6c relative=0x000000000000022c
Event: 10.000 Thread 0x0000019d249e0b40 Uncommon trap: reason=predicate action=maybe_recompile pc=0x0000019d0ebada6c method=sun.instrument.TransformerManager.transform(Ljava/lang/Module;Ljava/lang/ClassLoader;Ljava/lang/String;Ljava/lang/Class;Ljava/security/ProtectionDomain;[B)[B @ 21 c2
Event: 10.000 Thread 0x0000019d249e0b40 DEOPT PACKING pc=0x0000019d0ebada6c sp=0x0000001d0e9f7f20
Event: 10.000 Thread 0x0000019d249e0b40 DEOPT UNPACKING pc=0x0000019d0e4246a2 sp=0x0000001d0e9f7ec8 mode 2
Event: 10.147 Thread 0x0000019d24db2380 Uncommon trap: trap_request=0xffffffcc fr.pc=0x0000019d0ebff1d0 relative=0x0000000000000290
Event: 10.147 Thread 0x0000019d24db2380 Uncommon trap: reason=intrinsic_or_type_checked_inlining action=make_not_entrant pc=0x0000019d0ebff1d0 method=java.util.Arrays.copyOfRange([Ljava/lang/Object;IILjava/lang/Class;)[Ljava/lang/Object; @ 84 c2
Event: 10.147 Thread 0x0000019d24db2380 DEOPT PACKING pc=0x0000019d0ebff1d0 sp=0x0000001d102fdfd0
Event: 10.147 Thread 0x0000019d24db2380 DEOPT UNPACKING pc=0x0000019d0e4246a2 sp=0x0000001d102fdf70 mode 2
Event: 10.233 Thread 0x0000019d249e0b40 DEOPT PACKING pc=0x0000019d075d67ae sp=0x0000001d0e9fa510
Event: 10.233 Thread 0x0000019d249e0b40 DEOPT UNPACKING pc=0x0000019d0e424e42 sp=0x0000001d0e9f9a58 mode 0

Classes loaded (20 events):
Event: 9.241 Loading class java/nio/channels/Channels
Event: 9.243 Loading class java/nio/channels/Channels done
Event: 9.243 Loading class sun/nio/ch/Streams
Event: 9.245 Loading class sun/nio/ch/Streams done
Event: 9.245 Loading class sun/nio/ch/ChannelInputStream
Event: 9.246 Loading class sun/nio/ch/ChannelInputStream done
Event: 9.594 Loading class java/util/stream/SortedOps
Event: 9.594 Loading class java/util/stream/SortedOps done
Event: 9.594 Loading class java/util/stream/SortedOps$OfRef
Event: 9.594 Loading class java/util/stream/SortedOps$OfRef done
Event: 9.596 Loading class java/util/stream/SortedOps$SizedRefSortingSink
Event: 9.596 Loading class java/util/stream/SortedOps$AbstractRefSortingSink
Event: 9.596 Loading class java/util/stream/SortedOps$AbstractRefSortingSink done
Event: 9.596 Loading class java/util/stream/SortedOps$SizedRefSortingSink done
Event: 9.982 Loading class java/lang/ThreadDeath
Event: 9.984 Loading class java/lang/ThreadDeath done
Event: 9.984 Loading class sun/misc/SharedSecrets
Event: 9.984 Loading class sun/misc/SharedSecrets done
Event: 10.099 Loading class java/util/AbstractList$ListItr
Event: 10.102 Loading class java/util/AbstractList$ListItr done

Classes unloaded (0 events):
No events

Classes redefined (0 events):
No events

Internal exceptions (20 events):
Event: 9.148 Thread 0x0000019d249e0b40 Exception <a 'java/lang/NoSuchMethodError'{0x000000070522b920}: 'java.lang.Object java.lang.invoke.DirectMethodHandle$Holder.newInvokeSpecial(java.lang.Object, java.lang.Object, java.lang.Object, java.lang.Object, int, java.lang.Object)'> (0x000000070522b920) 
thrown [s\src\hotspot\share\interpreter\linkResolver.cpp, line 784]
Event: 9.148 Thread 0x0000019d249e0b40 Exception <a 'java/lang/NoSuchMethodError'{0x0000000705233fa0}: 'java.lang.Object java.lang.invoke.Invokers$Holder.linkToTargetMethod(java.lang.Object, java.lang.Object, java.lang.Object, int, java.lang.Object, java.lang.Object)'> (0x0000000705233fa0) 
thrown [s\src\hotspot\share\interpreter\linkResolver.cpp, line 784]
Event: 9.328 Thread 0x0000019d249e0b40 Exception <a 'java/lang/NoSuchMethodError'{0x0000000704ecec10}: 'java.lang.Object java.lang.invoke.DirectMethodHandle$Holder.invokeSpecialIFC(java.lang.Object, java.lang.Object, java.lang.Object)'> (0x0000000704ecec10) 
thrown [s\src\hotspot\share\interpreter\linkResolver.cpp, line 784]
Event: 9.673 Thread 0x0000019d249e0b40 Exception <a 'java/lang/ClassNotFoundException'{0x00000007049e4c28}: ijJvmDebugger1_cczc8vxz7m3kxxnoaqupzk0hwBeanInfo> (0x00000007049e4c28) 
thrown [s\src\hotspot\share\classfile\systemDictionary.cpp, line 312]
Event: 9.673 Thread 0x0000019d249e0b40 Exception <a 'java/lang/ClassNotFoundException'{0x00000007049eac20}: ijJvmDebugger1_cczc8vxz7m3kxxnoaqupzk0hwCustomizer> (0x00000007049eac20) 
thrown [s\src\hotspot\share\classfile\systemDictionary.cpp, line 312]
Event: 9.984 Thread 0x0000019d249e0b40 Exception <a 'java/lang/ClassNotFoundException'{0x00000007046a5a90}: sun/misc/SharedSecrets> (0x00000007046a5a90) 
thrown [s\src\hotspot\share\classfile\systemDictionary.cpp, line 312]
Event: 9.984 Thread 0x0000019d249e0b40 Exception <a 'java/lang/ClassNotFoundException'{0x00000007046a8dd8}: com/intellij/gradle/toolingExtension/impl/initScript/util/GradleLifecycleUtilBeanInfo> (0x00000007046a8dd8) 
thrown [s\src\hotspot\share\classfile\systemDictionary.cpp, line 312]
Event: 9.985 Thread 0x0000019d249e0b40 Exception <a 'java/lang/ClassNotFoundException'{0x00000007046b09e0}: com/intellij/gradle/toolingExtension/impl/initScript/util/GradleLifecycleUtilCustomizer> (0x00000007046b09e0) 
thrown [s\src\hotspot\share\classfile\systemDictionary.cpp, line 312]
Event: 10.074 Thread 0x0000019d249e0b40 Exception <a 'java/lang/ClassNotFoundException'{0x0000000704429358}: ijKotlinCoroutineJvmDebugInit1_buww37xxpwyrlogzp1suct069BeanInfo> (0x0000000704429358) 
thrown [s\src\hotspot\share\classfile\systemDictionary.cpp, line 312]
Event: 10.074 Thread 0x0000019d249e0b40 Exception <a 'java/lang/ClassNotFoundException'{0x000000070442f590}: ijKotlinCoroutineJvmDebugInit1_buww37xxpwyrlogzp1suct069Customizer> (0x000000070442f590) 
thrown [s\src\hotspot\share\classfile\systemDictionary.cpp, line 312]
Event: 10.089 Thread 0x0000019d249e0b40 Exception <a 'java/lang/ClassNotFoundException'{0x000000070447ae58}: ijKotlinCoroutineJvmDebugInit1_buww37xxpwyrlogzp1suct069$_run_closure1BeanInfo> (0x000000070447ae58) 
thrown [s\src\hotspot\share\classfile\systemDictionary.cpp, line 312]
Event: 10.089 Thread 0x0000019d249e0b40 Exception <a 'java/lang/ClassNotFoundException'{0x00000007044815b8}: ijKotlinCoroutineJvmDebugInit1_buww37xxpwyrlogzp1suct069$_run_closure1Customizer> (0x00000007044815b8) 
thrown [s\src\hotspot\share\classfile\systemDictionary.cpp, line 312]
Event: 10.158 Thread 0x0000019d249e0b40 Exception <a 'java/lang/ClassNotFoundException'{0x000000070457a2a0}: ijKotlinCoroutineJvmDebugInit1_buww37xxpwyrlogzp1suct069BeanInfo> (0x000000070457a2a0) 
thrown [s\src\hotspot\share\classfile\systemDictionary.cpp, line 312]
Event: 10.159 Thread 0x0000019d249e0b40 Exception <a 'java/lang/ClassNotFoundException'{0x0000000704580468}: ijKotlinCoroutineJvmDebugInit1_buww37xxpwyrlogzp1suct069Customizer> (0x0000000704580468) 
thrown [s\src\hotspot\share\classfile\systemDictionary.cpp, line 312]
Event: 10.247 Thread 0x0000019d249e0b40 Exception <a 'java/lang/ClassNotFoundException'{0x00000007042ee218}: addGradleAndroidTestListener1_5dymrn5yciug1drpcz1lvw29oBeanInfo> (0x00000007042ee218) 
thrown [s\src\hotspot\share\classfile\systemDictionary.cpp, line 312]
Event: 10.247 Thread 0x0000019d249e0b40 Exception <a 'java/lang/ClassNotFoundException'{0x00000007042f4438}: addGradleAndroidTestListener1_5dymrn5yciug1drpcz1lvw29oCustomizer> (0x00000007042f4438) 
thrown [s\src\hotspot\share\classfile\systemDictionary.cpp, line 312]
Event: 10.264 Thread 0x0000019d249e0b40 Exception <a 'java/lang/ClassNotFoundException'{0x0000000704030338}: SetupUtpTestResultListenerActionBeanInfo> (0x0000000704030338) 
thrown [s\src\hotspot\share\classfile\systemDictionary.cpp, line 312]
Event: 10.264 Thread 0x0000019d249e0b40 Exception <a 'java/lang/ClassNotFoundException'{0x0000000704036b78}: SetupUtpTestResultListenerActionCustomizer> (0x0000000704036b78) 
thrown [s\src\hotspot\share\classfile\systemDictionary.cpp, line 312]
Event: 10.279 Thread 0x0000019d249e0b40 Exception <a 'java/lang/ClassNotFoundException'{0x00000007040b0500}: org/gradle/execution/taskgraph/DefaultTaskExecutionGraphBeanInfo> (0x00000007040b0500) 
thrown [s\src\hotspot\share\classfile\systemDictionary.cpp, line 312]
Event: 10.279 Thread 0x0000019d249e0b40 Exception <a 'java/lang/ClassNotFoundException'{0x00000007040be240}: org/gradle/execution/taskgraph/DefaultTaskExecutionGraphCustomizer> (0x00000007040be240) 
thrown [s\src\hotspot\share\classfile\systemDictionary.cpp, line 312]

ZGC Phase Switch (0 events):
No events

VM Operations (20 events):
Event: 7.539 Executing VM operation: HandshakeAllThreads (Deoptimize) done
Event: 7.839 Executing VM operation: G1CollectForAllocation (G1 Evacuation Pause)
Event: 7.842 Executing VM operation: G1CollectForAllocation (G1 Evacuation Pause) done
Event: 8.271 Executing VM operation: HandshakeAllThreads (Deoptimize)
Event: 8.271 Executing VM operation: HandshakeAllThreads (Deoptimize) done
Event: 8.393 Executing VM operation: HandshakeAllThreads (Deoptimize)
Event: 8.393 Executing VM operation: HandshakeAllThreads (Deoptimize) done
Event: 8.782 Executing VM operation: ICBufferFull
Event: 8.782 Executing VM operation: ICBufferFull done
Event: 8.910 Executing VM operation: HandshakeAllThreads (Deoptimize)
Event: 8.910 Executing VM operation: HandshakeAllThreads (Deoptimize) done
Event: 8.945 Executing VM operation: G1CollectForAllocation (G1 Evacuation Pause)
Event: 8.949 Executing VM operation: G1CollectForAllocation (G1 Evacuation Pause) done
Event: 9.104 Executing VM operation: HandshakeAllThreads (Deoptimize)
Event: 9.104 Executing VM operation: HandshakeAllThreads (Deoptimize) done
Event: 9.603 Executing VM operation: ICBufferFull
Event: 9.603 Executing VM operation: ICBufferFull done
Event: 10.103 Executing VM operation: HandshakeAllThreads (Deoptimize)
Event: 10.103 Executing VM operation: HandshakeAllThreads (Deoptimize) done
Event: 11.117 Executing VM operation: Cleanup

Memory protections (0 events):
No events

Nmethod flushes (20 events):
Event: 6.021 Thread 0x0000019d1db10cf0 flushing  nmethod 0x0000019d06f62b90
Event: 6.021 Thread 0x0000019d1db10cf0 flushing  nmethod 0x0000019d06f65910
Event: 6.021 Thread 0x0000019d1db10cf0 flushing  nmethod 0x0000019d06fa5410
Event: 6.021 Thread 0x0000019d1db10cf0 flushing  nmethod 0x0000019d06fa5c10
Event: 6.021 Thread 0x0000019d1db10cf0 flushing  nmethod 0x0000019d06fae010
Event: 6.021 Thread 0x0000019d1db10cf0 flushing  nmethod 0x0000019d06fae890
Event: 6.021 Thread 0x0000019d1db10cf0 flushing  nmethod 0x0000019d06fb4510
Event: 6.022 Thread 0x0000019d1db10cf0 flushing  nmethod 0x0000019d06fb6310
Event: 6.022 Thread 0x0000019d1db10cf0 flushing  nmethod 0x0000019d07042410
Event: 6.022 Thread 0x0000019d1db10cf0 flushing  nmethod 0x0000019d07042d10
Event: 6.022 Thread 0x0000019d1db10cf0 flushing  nmethod 0x0000019d07047b90
Event: 6.022 Thread 0x0000019d1db10cf0 flushing  nmethod 0x0000019d07094190
Event: 6.022 Thread 0x0000019d1db10cf0 flushing  nmethod 0x0000019d070d4910
Event: 6.022 Thread 0x0000019d1db10cf0 flushing  nmethod 0x0000019d070d6610
Event: 6.022 Thread 0x0000019d1db10cf0 flushing  nmethod 0x0000019d070d7e10
Event: 6.022 Thread 0x0000019d1db10cf0 flushing  nmethod 0x0000019d070d9c90
Event: 6.022 Thread 0x0000019d1db10cf0 flushing  nmethod 0x0000019d070dc590
Event: 6.022 Thread 0x0000019d1db10cf0 flushing  nmethod 0x0000019d071f2410
Event: 6.022 Thread 0x0000019d1db10cf0 flushing  nmethod 0x0000019d071f8810
Event: 6.022 Thread 0x0000019d1db10cf0 flushing  nmethod 0x0000019d0725ab10

Events (20 events):
Event: 5.733 Thread 0x0000019d249e0b40 Thread added: 0x0000019d24a0a940
Event: 5.938 Thread 0x0000019d249e0b40 Thread added: 0x0000019d24dad4c0
Event: 5.944 Thread 0x0000019d249e0b40 Thread added: 0x0000019d24dac110
Event: 6.212 Thread 0x0000019d249e0b40 Thread added: 0x0000019d24dae870
Event: 6.263 Thread 0x0000019d249e0b40 Thread added: 0x0000019d24dab3f0
Event: 7.130 Thread 0x0000019d249e0b40 Thread added: 0x0000019d24dac7a0
Event: 7.156 Thread 0x0000019d249e0b40 Thread added: 0x0000019d24db02b0
Event: 7.415 Thread 0x0000019d249e0b40 Thread added: 0x0000019d24db0fd0
Event: 7.832 Thread 0x0000019d249e0b40 Thread added: 0x0000019d24daef00
Event: 8.001 Thread 0x0000019d249e0b40 Thread added: 0x0000019d24dae1e0
Event: 8.875 Thread 0x0000019d1e269e00 Thread added: 0x0000019d24a6a610
Event: 9.094 Thread 0x0000019d24a6a610 Thread exited: 0x0000019d24a6a610
Event: 9.205 Thread 0x0000019d249e0b40 Thread added: 0x0000019d24daf590
Event: 9.329 Thread 0x0000019d249e0b40 Thread added: 0x0000019d24dadb50
Event: 9.654 Thread 0x0000019d249e0b40 Thread added: 0x0000019d24db1660
Event: 10.056 Thread 0x0000019d249e0b40 Thread added: 0x0000019d24db1cf0
Event: 10.096 Thread 0x0000019d249e0b40 Thread added: 0x0000019d24dafc20
Event: 10.147 Thread 0x0000019d249e0b40 Thread added: 0x0000019d24db2380
Event: 10.189 Thread 0x0000019d249e0b40 Thread added: 0x0000019d24db2a10
Event: 10.231 Thread 0x0000019d249e0b40 Thread added: 0x0000019d26fef5c0


Dynamic libraries:
0x00007ff633680000 - 0x00007ff63368a000 	C:\Program Files\Android\Android Studio1\jbr\bin\java.exe
0x00007ffce3740000 - 0x00007ffce39a7000 	C:\WINDOWS\SYSTEM32\ntdll.dll
0x00007ffce2230000 - 0x00007ffce22f9000 	C:\WINDOWS\System32\KERNEL32.DLL
0x00007ffce0170000 - 0x00007ffce0567000 	C:\WINDOWS\System32\KERNELBASE.dll
0x00007ffce12c0000 - 0x00007ffce140b000 	C:\WINDOWS\System32\ucrtbase.dll
0x00007ffcc88f0000 - 0x00007ffcc8908000 	C:\Program Files\Android\Android Studio1\jbr\bin\jli.dll
0x00007ffce1960000 - 0x00007ffce1b26000 	C:\WINDOWS\System32\USER32.dll
0x00007ffce0620000 - 0x00007ffce0647000 	C:\WINDOWS\System32\win32u.dll
0x00007ffce2e80000 - 0x00007ffce2eab000 	C:\WINDOWS\System32\GDI32.dll
0x00007ffce1040000 - 0x00007ffce116c000 	C:\WINDOWS\System32\gdi32full.dll
0x00007ffce0570000 - 0x00007ffce0613000 	C:\WINDOWS\System32\msvcp_win.dll
0x00007ffcc5030000 - 0x00007ffcc504b000 	C:\Program Files\Android\Android Studio1\jbr\bin\VCRUNTIME140.dll
0x00007ffcc5350000 - 0x00007ffcc55e2000 	C:\WINDOWS\WinSxS\amd64_microsoft.windows.common-controls_6595b64144ccf1df_6.0.26100.8457_none_3e0b2faee331e92d\COMCTL32.dll
0x00007ffce3570000 - 0x00007ffce3619000 	C:\WINDOWS\System32\msvcrt.dll
0x00007ffce21f0000 - 0x00007ffce2222000 	C:\WINDOWS\System32\IMM32.DLL
0x00007ffcc0070000 - 0x00007ffcc01ce000 	C:\Program Files (x86)\Citrix\ICA Client\ctxapclient64.dll
0x00007ffce1b30000 - 0x00007ffce1eb3000 	C:\WINDOWS\System32\combase.dll
0x00007ffce2d60000 - 0x00007ffce2e78000 	C:\WINDOWS\System32\RPCRT4.dll
0x00007ffcd88d0000 - 0x00007ffcd88db000 	C:\WINDOWS\SYSTEM32\VERSION.dll
0x00007ffce0060000 - 0x00007ffce008a000 	C:\WINDOWS\SYSTEM32\bcrypt.dll
0x00007ffce2f70000 - 0x00007ffce3017000 	C:\WINDOWS\System32\sechost.dll
0x00007ffce3640000 - 0x00007ffce36f6000 	C:\WINDOWS\System32\ADVAPI32.dll
0x00007ffcdf020000 - 0x00007ffcdf056000 	C:\WINDOWS\SYSTEM32\ntmarta.dll
0x00007ffce1410000 - 0x00007ffce14b8000 	C:\WINDOWS\System32\bcryptprimitives.dll
0x00007ffcd0460000 - 0x00007ffcd046c000 	C:\Program Files\Android\Android Studio1\jbr\bin\vcruntime140_1.dll
0x00007ffc114c0000 - 0x00007ffc1154d000 	C:\Program Files\Android\Android Studio1\jbr\bin\msvcp140.dll
0x00007ffbe1750000 - 0x00007ffbe23e6000 	C:\Program Files\Android\Android Studio1\jbr\bin\server\jvm.dll
0x00007ffce2c60000 - 0x00007ffce2ce0000 	C:\WINDOWS\System32\WS2_32.dll
0x00007ffcdfff0000 - 0x00007ffce004e000 	C:\WINDOWS\SYSTEM32\POWRPROF.dll
0x00007ffcd8100000 - 0x00007ffcd8136000 	C:\WINDOWS\SYSTEM32\WINMM.dll
0x00007ffcdffd0000 - 0x00007ffcdffe4000 	C:\WINDOWS\SYSTEM32\UMPDC.dll
0x00007ffcdeee0000 - 0x00007ffcdeefb000 	C:\WINDOWS\SYSTEM32\kernel.appcore.dll
0x00007ffcc87b0000 - 0x00007ffcc87ba000 	C:\Program Files\Android\Android Studio1\jbr\bin\jimage.dll
0x00007ffcd36d0000 - 0x00007ffcd3912000 	C:\WINDOWS\SYSTEM32\DBGHELP.DLL
0x00007ffce17e0000 - 0x00007ffce18b9000 	C:\WINDOWS\System32\OLEAUT32.dll
0x00007ffcc23b0000 - 0x00007ffcc23eb000 	C:\WINDOWS\SYSTEM32\dbgcore.DLL
0x00007ffcc0ce0000 - 0x00007ffcc0cee000 	C:\Program Files\Android\Android Studio1\jbr\bin\instrument.dll
0x00007ffcc47e0000 - 0x00007ffcc4800000 	C:\Program Files\Android\Android Studio1\jbr\bin\java.dll
0x00007ffcc3670000 - 0x00007ffcc3688000 	C:\Program Files\Android\Android Studio1\jbr\bin\zip.dll
0x00007ffce24e0000 - 0x00007ffce2c4e000 	C:\WINDOWS\System32\SHELL32.dll
0x0000019d1e5c0000 - 0x0000019d1ee2c000 	C:\WINDOWS\System32\windows.storage.dll
0x00007ffce1550000 - 0x00007ffce1646000 	C:\WINDOWS\System32\SHCORE.dll
0x00007ffce2cf0000 - 0x00007ffce2d56000 	C:\WINDOWS\System32\shlwapi.dll
0x00007ffce0090000 - 0x00007ffce00b9000 	C:\WINDOWS\SYSTEM32\profapi.dll
0x00007ffcc4fd0000 - 0x00007ffcc4fe0000 	C:\Program Files\Android\Android Studio1\jbr\bin\net.dll
0x00007ffcd85d0000 - 0x00007ffcd86f9000 	C:\WINDOWS\SYSTEM32\WINHTTP.dll
0x00007ffcdf470000 - 0x00007ffcdf4dc000 	C:\WINDOWS\system32\mswsock.dll
0x00007ffcc2e30000 - 0x00007ffcc2e46000 	C:\Program Files\Android\Android Studio1\jbr\bin\nio.dll
0x00007ffcb8300000 - 0x00007ffcb8310000 	C:\Program Files\Android\Android Studio1\jbr\bin\verify.dll
0x00007ffc9bbe0000 - 0x00007ffc9bc07000 	C:\Users\HP\.gradle\native\1def1411415f61bf3af743bc5b6707747c0891f09f0c88961ee8f79bc544acac\windows-amd64\native-platform.dll
0x00007ffc76060000 - 0x00007ffc760d8000 	C:\Users\HP\.gradle\native\0.2.7\x86_64-windows-gnu\gradle-fileevents.dll
0x00007ffcbd290000 - 0x00007ffcbd299000 	C:\Program Files\Android\Android Studio1\jbr\bin\management.dll
0x00007ffcbb5a0000 - 0x00007ffcbb5ab000 	C:\Program Files\Android\Android Studio1\jbr\bin\management_ext.dll
0x00007ffce18c0000 - 0x00007ffce18c8000 	C:\WINDOWS\System32\PSAPI.DLL
0x00007ffcde8c0000 - 0x00007ffcde8f2000 	C:\WINDOWS\SYSTEM32\IPHLPAPI.DLL
0x00007ffce3560000 - 0x00007ffce356a000 	C:\WINDOWS\System32\NSI.dll
0x00007ffcc2e20000 - 0x00007ffcc2e29000 	C:\Program Files\Android\Android Studio1\jbr\bin\extnet.dll
0x00007ffcdf750000 - 0x00007ffcdf76b000 	C:\WINDOWS\SYSTEM32\CRYPTSP.dll
0x00007ffcdee40000 - 0x00007ffcdee79000 	C:\WINDOWS\system32\rsaenh.dll
0x00007ffcdf520000 - 0x00007ffcdf553000 	C:\WINDOWS\SYSTEM32\USERENV.dll
0x00007ffcdf770000 - 0x00007ffcdf77c000 	C:\WINDOWS\SYSTEM32\CRYPTBASE.dll
0x00007ffcb2e90000 - 0x00007ffcb2e98000 	C:\WINDOWS\system32\wshunix.dll

JVMTI agents:
C:\Users\HP\.gradle\wrapper\dists\gradle-8.13-bin\5xuhj0ry160q40clulazy9h7d\gradle-8.13\lib\agents\gradle-instrumentation-agent-8.13.jar path:C:\Program Files\Android\Android Studio1\jbr\bin\instrument.dll, loaded, initialized, instrumentlib options:none

dbghelp: loaded successfully - version: 4.0.5 - missing functions: none
symbol engine: initialized successfully - sym options: 0x614 - pdb path: .;C:\Program Files\Android\Android Studio1\jbr\bin;C:\WINDOWS\SYSTEM32;C:\WINDOWS\WinSxS\amd64_microsoft.windows.common-controls_6595b64144ccf1df_6.0.26100.8457_none_3e0b2faee331e92d;C:\Program Files (x86)\Citrix\ICA Client;C:\Program Files\Android\Android Studio1\jbr\bin\server;C:\Users\HP\.gradle\native\1def1411415f61bf3af743bc5b6707747c0891f09f0c88961ee8f79bc544acac\windows-amd64;C:\Users\HP\.gradle\native\0.2.7\x86_64-windows-gnu

VM Arguments:
jvm_args: --add-opens=java.base/java.lang=ALL-UNNAMED --add-opens=java.base/java.lang.invoke=ALL-UNNAMED --add-opens=java.base/java.util=ALL-UNNAMED --add-opens=java.prefs/java.util.prefs=ALL-UNNAMED --add-exports=jdk.compiler/com.sun.tools.javac.api=ALL-UNNAMED --add-exports=jdk.compiler/com.sun.tools.javac.util=ALL-UNNAMED --add-opens=java.base/java.util=ALL-UNNAMED --add-opens=java.prefs/java.util.prefs=ALL-UNNAMED --add-opens=java.base/java.nio.charset=ALL-UNNAMED --add-opens=java.base/java.net=ALL-UNNAMED --add-opens=java.base/java.util.concurrent.atomic=ALL-UNNAMED --add-opens=java.xml/javax.xml.namespace=ALL-UNNAMED -Xmx4096m -Dfile.encoding=UTF-8 -Duser.country=IN -Duser.language=en -Duser.variant -javaagent:C:\Users\HP\.gradle\wrapper\dists\gradle-8.13-bin\5xuhj0ry160q40clulazy9h7d\gradle-8.13\lib\agents\gradle-instrumentation-agent-8.13.jar 
java_command: org.gradle.launcher.daemon.bootstrap.GradleDaemon 8.13
java_class_path (initial): C:\Users\HP\.gradle\wrapper\dists\gradle-8.13-bin\5xuhj0ry160q40clulazy9h7d\gradle-8.13\lib\gradle-daemon-main-8.13.jar
Launcher Type: SUN_STANDARD

[Global flags]
     intx CICompilerCount                          = 4                                         {product} {ergonomic}
     uint ConcGCThreads                            = 3                                         {product} {ergonomic}
     uint G1ConcRefinementThreads                  = 10                                        {product} {ergonomic}
   size_t G1HeapRegionSize                         = 2097152                                   {product} {ergonomic}
    uintx GCDrainStackTargetSize                   = 64                                        {product} {ergonomic}
   size_t InitialHeapSize                          = 123731968                                 {product} {ergonomic}
   size_t MarkStackSize                            = 4194304                                   {product} {ergonomic}
   size_t MaxHeapSize                              = 4294967296                                {product} {command line}
   size_t MaxNewSize                               = 2575302656                                {product} {ergonomic}
   size_t MinHeapDeltaBytes                        = 2097152                                   {product} {ergonomic}
   size_t MinHeapSize                              = 8388608                                   {product} {ergonomic}
    uintx NonNMethodCodeHeapSize                   = 5839372                                {pd product} {ergonomic}
    uintx NonProfiledCodeHeapSize                  = 122909434                              {pd product} {ergonomic}
    uintx ProfiledCodeHeapSize                     = 122909434                              {pd product} {ergonomic}
    uintx ReservedCodeCacheSize                    = 251658240                              {pd product} {ergonomic}
     bool SegmentedCodeCache                       = true                                      {product} {ergonomic}
   size_t SoftMaxHeapSize                          = 4294967296                             {manageable} {ergonomic}
     bool UseCompressedOops                        = true                           {product lp64_product} {ergonomic}
     bool UseG1GC                                  = true                                      {product} {ergonomic}
     bool UseLargePagesIndividualAllocation        = false                                  {pd product} {ergonomic}

Logging:
Log output configuration:
 #0: stdout all=warning uptime,level,tags foldmultilines=false
 #1: stderr all=off uptime,level,tags foldmultilines=false

Environment Variables:
PATH=C:\Program Files\Common Files\Oracle\Java\javapath;C:\WINDOWS\system32;C:\WINDOWS;C:\WINDOWS\System32\Wbem;C:\WINDOWS\System32\WindowsPowerShell\v1.0\;C:\WINDOWS\System32\OpenSSH\;C:\Program Files\Git\cmd;c:\Users\HP\AppData\Local\Programs\cursor\resources\app\bin;C:\Program Files (x86)\Microsoft SQL Server\170\Tools\Binn\;C:\Program Files\Microsoft SQL Server\170\Tools\Binn\;C:\Program Files\Microsoft SQL Server\Client SDK\ODBC\180\Tools\Binn\;C:\Program Files\Microsoft SQL Server\170\DTS\Binn\;C:\Program Files\nodejs\;C:\Users\HP\AppData\Local\Programs\Python\Python311\Scripts\;C:\Users\HP\AppData\Local\Programs\Python\Python311\;C:\Users\HP\AppData\Local\Programs\Python\Python313\Scripts\;C:\Users\HP\AppData\Local\Programs\Python\Python313\;C:\Users\HP\AppData\Local\Programs\Python\Launcher\;C:\Users\HP\AppData\Local\Microsoft\WindowsApps;C:\Users\HP\AppData\Local\Programs\Microsoft VS Code\bin;C:\Users\HP\AppData\Local\Microsoft\WinGet\Packages\Gyan.FFmpeg_Microsoft.Winget.Source_8wekyb3d8bbwe\ffmpeg-8.0.1-full_build\bin;C:\Users\HP\AppData\Local\PowerToys\DSCModules\;C:\Users\HP\AppData\Roaming\npm;C:\Users\HP\AppData\Local\Programs\Antigravity IDE\bin;C:\Users\HP\AppData\Local\Programs\cursor\resources\app\bin
USERNAME=HP
OS=Windows_NT
PROCESSOR_IDENTIFIER=AMD64 Family 25 Model 80 Stepping 0, AuthenticAMD
TMP=C:\Users\HP\AppData\Local\Temp
TEMP=C:\Users\HP\AppData\Local\Temp




Periodic native trim disabled

JNI global refs:
JNI global refs: 26, weak refs: 0

JNI global refs memory usage: 835, weak refs: 833

Process memory usage:
Resident Set Size: 218908K (2% of 7702244K total physical memory with 1054884K free physical memory)

OOME stack traces (most recent first):
Classloader memory used:
Loader org.gradle.internal.classloader.VisitableURLClassLoader                         : 26978K
Loader bootstrap                                                                       : 22187K
Loader org.gradle.initialization.MixInLegacyTypesClassLoader                           : 6321K
Loader jdk.internal.loader.ClassLoaders$PlatformClassLoader                            : 518K
Loader jdk.internal.loader.ClassLoaders$AppClassLoader                                 : 235K
Loader org.gradle.groovy.scripts.internal.DefaultScriptCompilationHandler$ScriptClassLoader: 101680B
Loader org.gradle.internal.classloader.VisitableURLClassLoader$InstrumentingVisitableURLClassLoader: 15856B
Loader jdk.internal.reflect.DelegatingClassLoader                                      : 10344B
Loader org.codehaus.groovy.runtime.callsite.CallSiteClassLoader                        : 10160B

Classes loaded by more than one classloader:
Class org.gradle.internal.classloader.FilteringClassLoader                            : loaded 2 times (x 105B)
Class org.gradle.internal.classloader.ClassLoaderHierarchy                            : loaded 2 times (x 70B)
Class org.gradle.api.internal.classpath.ManifestUtil                                  : loaded 2 times (x 71B)
Class org.gradle.internal.classloader.DefaultClassLoaderFactory                       : loaded 2 times (x 82B)
Class org.gradle.internal.classloader.ClassLoaderVisitor                              : loaded 2 times (x 76B)
Class org.gradle.api.internal.classpath.EffectiveClassPath                            : loaded 2 times (x 90B)
Class ijKotlinCoroutineJvmDebugInit1_buww37xxpwyrlogzp1suct069$_run_closure1          : loaded 2 times (x 139B)
Class org.gradle.api.internal.DefaultClassPathProvider                                : loaded 2 times (x 76B)
Class [Lorg.gradle.api.internal.ClassPathProvider;                                    : loaded 2 times (x 69B)
Class org.gradle.api.internal.ClassPathProvider                                       : loaded 2 times (x 70B)
Class org.gradle.internal.service.UnknownServiceException                             : loaded 2 times (x 83B)
Class org.gradle.internal.classpath.TransformedClassPath                              : loaded 2 times (x 96B)
Class org.gradle.internal.classloader.InstrumentingClassLoader                        : loaded 2 times (x 70B)
Class org.gradle.internal.service.ServiceLocator                                      : loaded 2 times (x 70B)
Class org.gradle.internal.InternalTransformer                                         : loaded 2 times (x 70B)
Class org.gradle.internal.classloader.ClasspathUtil$1                                 : loaded 2 times (x 76B)
Class org.gradle.api.internal.classpath.DefaultModuleRegistry$DefaultModule           : loaded 2 times (x 86B)
Class org.gradle.api.internal.classpath.Module                                        : loaded 2 times (x 70B)
Class org.gradle.api.internal.classpath.UnknownModuleException                        : loaded 2 times (x 82B)
Class org.gradle.api.internal.DefaultClassPathRegistry                                : loaded 2 times (x 76B)
Class org.gradle.api.internal.ClassPathRegistry                                       : loaded 2 times (x 70B)
Class org.gradle.internal.classpath.DefaultClassPath$ImmutableUniqueList              : loaded 2 times (x 199B)
Class org.gradle.internal.classpath.ClassPath                                         : loaded 2 times (x 70B)
Class org.gradle.api.UncheckedIOException                                             : loaded 2 times (x 82B)
Class org.gradle.internal.installation.GradleInstallation$1                           : loaded 2 times (x 75B)
Class org.gradle.api.internal.classpath.ModuleRegistry                                : loaded 2 times (x 70B)
Class org.gradle.api.internal.classpath.DefaultModuleRegistry                         : loaded 2 times (x 86B)
Class org.gradle.internal.service.ServiceLookupException                              : loaded 2 times (x 82B)
Class org.gradle.internal.classloader.ClassLoaderFactory                              : loaded 2 times (x 70B)
Class org.gradle.internal.service.CachingServiceLocator                               : loaded 2 times (x 82B)
Class org.gradle.internal.classloader.ClasspathUtil                                   : loaded 2 times (x 71B)
Class org.gradle.api.specs.Spec                                                       : loaded 2 times (x 70B)
Class ijKotlinCoroutineJvmDebugInit1_buww37xxpwyrlogzp1suct069                        : loaded 2 times (x 179B)
Class ijJvmDebugger1_cczc8vxz7m3kxxnoaqupzk0hw                                        : loaded 2 times (x 179B)
Class org.gradle.internal.classloader.VisitableURLClassLoader$InstrumentingVisitableURLClassLoader: loaded 2 times (x 123B)
Class org.gradle.internal.classloader.VisitableURLClassLoader$Spec                    : loaded 2 times (x 74B)
Class org.gradle.internal.classpath.DefaultClassPath                                  : loaded 2 times (x 90B)
Class org.gradle.internal.classloader.ClassLoaderSpec                                 : loaded 2 times (x 71B)
Class org.gradle.internal.classloader.VisitableURLClassLoader                         : loaded 2 times (x 117B)
Class org.gradle.internal.Cast                                                        : loaded 2 times (x 71B)
Class org.gradle.api.Action                                                           : loaded 2 times (x 70B)
Class org.gradle.internal.classpath.DefaultClassPath$ImmutableUniqueList$Builder      : loaded 2 times (x 75B)
Class org.gradle.api.GradleException                                                  : loaded 2 times (x 82B)
Class ijJvmDebugger1_cczc8vxz7m3kxxnoaqupzk0hw$_run_closure1                          : loaded 2 times (x 139B)
Class org.gradle.internal.IoActions                                                   : loaded 2 times (x 71B)
Class org.gradle.internal.classloader.SystemClassLoaderSpec                           : loaded 2 times (x 71B)
Class org.gradle.api.internal.classpath.GlobalCacheRootsProvider                      : loaded 2 times (x 70B)
Class org.gradle.internal.installation.CurrentGradleInstallationLocator               : loaded 2 times (x 71B)
Class org.gradle.internal.service.DefaultServiceLocator                               : loaded 2 times (x 83B)
Class org.gradle.internal.installation.CurrentGradleInstallation                      : loaded 2 times (x 73B)
Class org.gradle.util.internal.GUtil                                                  : loaded 2 times (x 71B)
Class org.gradle.internal.installation.GradleInstallation                             : loaded 2 times (x 75B)

---------------  S Y S T E M  ---------------

OS:
 Windows 11 , 64 bit Build 26100 (10.0.26100.8328)
OS uptime: 0 days 7:40 hours
Hyper-V role detected

CPU: total 12 (initial active 12) (12 cores per cpu, 2 threads per core) family 25 model 80 stepping 0 microcode 0xa50000f, cx8, cmov, fxsr, ht, mmx, 3dnowpref, sse, sse2, sse3, ssse3, sse4a, sse4.1, sse4.2, popcnt, lzcnt, tsc, tscinvbit, avx, avx2, aes, erms, clmul, bmi1, bmi2, adx, sha, fma, vzeroupper, clflush, clflushopt, hv, rdtscp, rdpid, fsrm, f16c, cet_ss
Processor Information for processor 0
  Max Mhz: 3301, Current Mhz: 3301, Mhz Limit: 3301
Processor Information for processor 1
  Max Mhz: 3301, Current Mhz: 3301, Mhz Limit: 3301
Processor Information for processor 2
  Max Mhz: 3301, Current Mhz: 3301, Mhz Limit: 3301
Processor Information for processor 3
  Max Mhz: 3301, Current Mhz: 3301, Mhz Limit: 3301
Processor Information for processor 4
  Max Mhz: 3301, Current Mhz: 3301, Mhz Limit: 3301
Processor Information for processor 5
  Max Mhz: 3301, Current Mhz: 3301, Mhz Limit: 3301
Processor Information for processor 6
  Max Mhz: 3301, Current Mhz: 3301, Mhz Limit: 3301
Processor Information for processor 7
  Max Mhz: 3301, Current Mhz: 3301, Mhz Limit: 3301
Processor Information for processor 8
  Max Mhz: 3301, Current Mhz: 3301, Mhz Limit: 3301
Processor Information for processor 9
  Max Mhz: 3301, Current Mhz: 3301, Mhz Limit: 3301
Processor Information for processor 10
  Max Mhz: 3301, Current Mhz: 3301, Mhz Limit: 3301
Processor Information for processor 11
  Max Mhz: 3301, Current Mhz: 2011, Mhz Limit: 3301

Memory: 4k page, system-wide physical 7521M (1023M free)
TotalPageFile size 31073M (AvailPageFile size 8M)
current process WorkingSet (physical memory assigned to process): 217M, peak: 218M
current process commit charge ("private bytes"): 297M, peak: 300M

vm_info: OpenJDK 64-Bit Server VM (21.0.8+-14196175-b1038.72) for windows-amd64 JRE (21.0.8+-14196175-b1038.72), built on 2025-10-01T10:24:33Z by "builder" with MS VC++ 16.10 / 16.11 (VS2019)

END.
